ARM GAS  C:\Users\Trainer\AppData\Local\Temp\ccuTd03V.s 			page 1


   1              		.syntax unified
   2              		.cpu cortex-m0
   3              		.fpu softvfp
   4              		.eabi_attribute 20, 1
   5              		.eabi_attribute 21, 1
   6              		.eabi_attribute 23, 3
   7              		.eabi_attribute 24, 1
   8              		.eabi_attribute 25, 1
   9              		.eabi_attribute 26, 1
  10              		.eabi_attribute 30, 1
  11              		.eabi_attribute 34, 0
  12              		.eabi_attribute 18, 4
  13              		.thumb
  14              		.syntax unified
  15              		.file	"cyfitter_cfg.c"
  16              		.text
  17              	.Ltext0:
  18              		.cfi_sections	.debug_frame
  19              		.section	.text.AnalogSetDefault,"ax",%progbits
  20              		.align	2
  21              		.code	16
  22              		.thumb_func
  23              		.type	AnalogSetDefault, %function
  24              	AnalogSetDefault:
  25              	.LFB6:
  26              		.file 1 "Generated_Source\\PSoC4\\cyfitter_cfg.c"
   1:Generated_Source\PSoC4/cyfitter_cfg.c **** 
   2:Generated_Source\PSoC4/cyfitter_cfg.c **** /*******************************************************************************
   3:Generated_Source\PSoC4/cyfitter_cfg.c **** * File Name: cyfitter_cfg.c
   4:Generated_Source\PSoC4/cyfitter_cfg.c **** * 
   5:Generated_Source\PSoC4/cyfitter_cfg.c **** * PSoC Creator  4.1 Update 1
   6:Generated_Source\PSoC4/cyfitter_cfg.c **** *
   7:Generated_Source\PSoC4/cyfitter_cfg.c **** * Description:
   8:Generated_Source\PSoC4/cyfitter_cfg.c **** * This file contains device initialization code.
   9:Generated_Source\PSoC4/cyfitter_cfg.c **** * Except for the user defined sections in CyClockStartupError(), this file should not be modified.
  10:Generated_Source\PSoC4/cyfitter_cfg.c **** * This file is automatically generated by PSoC Creator.
  11:Generated_Source\PSoC4/cyfitter_cfg.c **** *
  12:Generated_Source\PSoC4/cyfitter_cfg.c **** ********************************************************************************
  13:Generated_Source\PSoC4/cyfitter_cfg.c **** * Copyright (c) 2007-2017 Cypress Semiconductor.  All rights reserved.
  14:Generated_Source\PSoC4/cyfitter_cfg.c **** * You may use this file only in accordance with the license, terms, conditions, 
  15:Generated_Source\PSoC4/cyfitter_cfg.c **** * disclaimers, and limitations in the end user license agreement accompanying 
  16:Generated_Source\PSoC4/cyfitter_cfg.c **** * the software package with which this file was provided.
  17:Generated_Source\PSoC4/cyfitter_cfg.c **** ********************************************************************************/
  18:Generated_Source\PSoC4/cyfitter_cfg.c **** 
  19:Generated_Source\PSoC4/cyfitter_cfg.c **** #include <string.h>
  20:Generated_Source\PSoC4/cyfitter_cfg.c **** #include "cytypes.h"
  21:Generated_Source\PSoC4/cyfitter_cfg.c **** #include "cydevice_trm.h"
  22:Generated_Source\PSoC4/cyfitter_cfg.c **** #include "cyfitter.h"
  23:Generated_Source\PSoC4/cyfitter_cfg.c **** #include "CyLib.h"
  24:Generated_Source\PSoC4/cyfitter_cfg.c **** #include "CyLFClk.h"
  25:Generated_Source\PSoC4/cyfitter_cfg.c **** #include "cyfitter_cfg.h"
  26:Generated_Source\PSoC4/cyfitter_cfg.c **** #include "cyapicallbacks.h"
  27:Generated_Source\PSoC4/cyfitter_cfg.c **** 
  28:Generated_Source\PSoC4/cyfitter_cfg.c **** 
  29:Generated_Source\PSoC4/cyfitter_cfg.c **** #if defined(__GNUC__) || defined(__ARMCC_VERSION)
  30:Generated_Source\PSoC4/cyfitter_cfg.c ****     #define CYPACKED 
  31:Generated_Source\PSoC4/cyfitter_cfg.c ****     #define CYPACKED_ATTR __attribute__ ((packed))
ARM GAS  C:\Users\Trainer\AppData\Local\Temp\ccuTd03V.s 			page 2


  32:Generated_Source\PSoC4/cyfitter_cfg.c ****     #define CYALIGNED __attribute__ ((aligned))
  33:Generated_Source\PSoC4/cyfitter_cfg.c ****     #define CY_CFG_UNUSED __attribute__ ((unused))
  34:Generated_Source\PSoC4/cyfitter_cfg.c ****     #ifndef CY_CFG_SECTION
  35:Generated_Source\PSoC4/cyfitter_cfg.c ****         #define CY_CFG_SECTION __attribute__ ((section(".psocinit")))
  36:Generated_Source\PSoC4/cyfitter_cfg.c ****     #endif
  37:Generated_Source\PSoC4/cyfitter_cfg.c ****     
  38:Generated_Source\PSoC4/cyfitter_cfg.c ****     #if defined(__ARMCC_VERSION)
  39:Generated_Source\PSoC4/cyfitter_cfg.c ****         #define CY_CFG_MEMORY_BARRIER() __memory_changed()
  40:Generated_Source\PSoC4/cyfitter_cfg.c ****     #else
  41:Generated_Source\PSoC4/cyfitter_cfg.c ****         #define CY_CFG_MEMORY_BARRIER() __sync_synchronize()
  42:Generated_Source\PSoC4/cyfitter_cfg.c ****     #endif
  43:Generated_Source\PSoC4/cyfitter_cfg.c ****     
  44:Generated_Source\PSoC4/cyfitter_cfg.c **** #elif defined(__ICCARM__)
  45:Generated_Source\PSoC4/cyfitter_cfg.c ****     #include <intrinsics.h>
  46:Generated_Source\PSoC4/cyfitter_cfg.c **** 
  47:Generated_Source\PSoC4/cyfitter_cfg.c ****     #define CYPACKED __packed
  48:Generated_Source\PSoC4/cyfitter_cfg.c ****     #define CYPACKED_ATTR 
  49:Generated_Source\PSoC4/cyfitter_cfg.c ****     #define CYALIGNED _Pragma("data_alignment=4")
  50:Generated_Source\PSoC4/cyfitter_cfg.c ****     #define CY_CFG_UNUSED _Pragma("diag_suppress=Pe177")
  51:Generated_Source\PSoC4/cyfitter_cfg.c ****     #define CY_CFG_SECTION _Pragma("location=\".psocinit\"")
  52:Generated_Source\PSoC4/cyfitter_cfg.c ****     
  53:Generated_Source\PSoC4/cyfitter_cfg.c ****     #define CY_CFG_MEMORY_BARRIER() __DMB()
  54:Generated_Source\PSoC4/cyfitter_cfg.c ****     
  55:Generated_Source\PSoC4/cyfitter_cfg.c **** #else
  56:Generated_Source\PSoC4/cyfitter_cfg.c ****     #error Unsupported toolchain
  57:Generated_Source\PSoC4/cyfitter_cfg.c **** #endif
  58:Generated_Source\PSoC4/cyfitter_cfg.c **** 
  59:Generated_Source\PSoC4/cyfitter_cfg.c **** #ifndef CYCODE
  60:Generated_Source\PSoC4/cyfitter_cfg.c ****     #define CYCODE
  61:Generated_Source\PSoC4/cyfitter_cfg.c **** #endif
  62:Generated_Source\PSoC4/cyfitter_cfg.c **** #ifndef CYDATA
  63:Generated_Source\PSoC4/cyfitter_cfg.c ****     #define CYDATA
  64:Generated_Source\PSoC4/cyfitter_cfg.c **** #endif
  65:Generated_Source\PSoC4/cyfitter_cfg.c **** #ifndef CYFAR
  66:Generated_Source\PSoC4/cyfitter_cfg.c ****     #define CYFAR
  67:Generated_Source\PSoC4/cyfitter_cfg.c **** #endif
  68:Generated_Source\PSoC4/cyfitter_cfg.c **** #ifndef CYXDATA
  69:Generated_Source\PSoC4/cyfitter_cfg.c ****     #define CYXDATA
  70:Generated_Source\PSoC4/cyfitter_cfg.c **** #endif
  71:Generated_Source\PSoC4/cyfitter_cfg.c **** 
  72:Generated_Source\PSoC4/cyfitter_cfg.c **** 
  73:Generated_Source\PSoC4/cyfitter_cfg.c **** CY_CFG_UNUSED
  74:Generated_Source\PSoC4/cyfitter_cfg.c **** static void CYMEMZERO(void *s, size_t n);
  75:Generated_Source\PSoC4/cyfitter_cfg.c **** CY_CFG_UNUSED
  76:Generated_Source\PSoC4/cyfitter_cfg.c **** static void CYMEMZERO(void *s, size_t n)
  77:Generated_Source\PSoC4/cyfitter_cfg.c **** {
  78:Generated_Source\PSoC4/cyfitter_cfg.c **** 	(void)memset(s, 0, n);
  79:Generated_Source\PSoC4/cyfitter_cfg.c **** }
  80:Generated_Source\PSoC4/cyfitter_cfg.c **** CY_CFG_UNUSED
  81:Generated_Source\PSoC4/cyfitter_cfg.c **** static void CYCONFIGCPY(void *dest, const void *src, size_t n);
  82:Generated_Source\PSoC4/cyfitter_cfg.c **** CY_CFG_UNUSED
  83:Generated_Source\PSoC4/cyfitter_cfg.c **** static void CYCONFIGCPY(void *dest, const void *src, size_t n)
  84:Generated_Source\PSoC4/cyfitter_cfg.c **** {
  85:Generated_Source\PSoC4/cyfitter_cfg.c **** 	(void)memcpy(dest, src, n);
  86:Generated_Source\PSoC4/cyfitter_cfg.c **** }
  87:Generated_Source\PSoC4/cyfitter_cfg.c **** CY_CFG_UNUSED
  88:Generated_Source\PSoC4/cyfitter_cfg.c **** static void CYCONFIGCPYCODE(void *dest, const void *src, size_t n);
ARM GAS  C:\Users\Trainer\AppData\Local\Temp\ccuTd03V.s 			page 3


  89:Generated_Source\PSoC4/cyfitter_cfg.c **** CY_CFG_UNUSED
  90:Generated_Source\PSoC4/cyfitter_cfg.c **** static void CYCONFIGCPYCODE(void *dest, const void *src, size_t n)
  91:Generated_Source\PSoC4/cyfitter_cfg.c **** {
  92:Generated_Source\PSoC4/cyfitter_cfg.c **** 	(void)memcpy(dest, src, n);
  93:Generated_Source\PSoC4/cyfitter_cfg.c **** }
  94:Generated_Source\PSoC4/cyfitter_cfg.c **** 
  95:Generated_Source\PSoC4/cyfitter_cfg.c **** 
  96:Generated_Source\PSoC4/cyfitter_cfg.c **** 
  97:Generated_Source\PSoC4/cyfitter_cfg.c **** 
  98:Generated_Source\PSoC4/cyfitter_cfg.c **** /* Clock startup error codes                                                   */
  99:Generated_Source\PSoC4/cyfitter_cfg.c **** #define CYCLOCKSTART_NO_ERROR    0u
 100:Generated_Source\PSoC4/cyfitter_cfg.c **** #define CYCLOCKSTART_XTAL_ERROR  1u
 101:Generated_Source\PSoC4/cyfitter_cfg.c **** #define CYCLOCKSTART_32KHZ_ERROR 2u
 102:Generated_Source\PSoC4/cyfitter_cfg.c **** #define CYCLOCKSTART_PLL_ERROR   3u
 103:Generated_Source\PSoC4/cyfitter_cfg.c **** #define CYCLOCKSTART_FLL_ERROR   4u
 104:Generated_Source\PSoC4/cyfitter_cfg.c **** 
 105:Generated_Source\PSoC4/cyfitter_cfg.c **** 
 106:Generated_Source\PSoC4/cyfitter_cfg.c **** #ifdef CY_NEED_CYCLOCKSTARTUPERROR
 107:Generated_Source\PSoC4/cyfitter_cfg.c **** /*******************************************************************************
 108:Generated_Source\PSoC4/cyfitter_cfg.c **** * Function Name: CyClockStartupError
 109:Generated_Source\PSoC4/cyfitter_cfg.c **** ********************************************************************************
 110:Generated_Source\PSoC4/cyfitter_cfg.c **** * Summary:
 111:Generated_Source\PSoC4/cyfitter_cfg.c **** *  If an error is encountered during clock configuration (crystal startup error,
 112:Generated_Source\PSoC4/cyfitter_cfg.c **** *  PLL lock error, etc.), the system will end up here.  Unless reimplemented by
 113:Generated_Source\PSoC4/cyfitter_cfg.c **** *  the customer, this function will stop in an infinite loop.
 114:Generated_Source\PSoC4/cyfitter_cfg.c **** *
 115:Generated_Source\PSoC4/cyfitter_cfg.c **** * Parameters:
 116:Generated_Source\PSoC4/cyfitter_cfg.c **** *   void
 117:Generated_Source\PSoC4/cyfitter_cfg.c **** *
 118:Generated_Source\PSoC4/cyfitter_cfg.c **** * Return:
 119:Generated_Source\PSoC4/cyfitter_cfg.c **** *   void
 120:Generated_Source\PSoC4/cyfitter_cfg.c **** *
 121:Generated_Source\PSoC4/cyfitter_cfg.c **** *******************************************************************************/
 122:Generated_Source\PSoC4/cyfitter_cfg.c **** CY_CFG_UNUSED
 123:Generated_Source\PSoC4/cyfitter_cfg.c **** static void CyClockStartupError(uint8 errorCode);
 124:Generated_Source\PSoC4/cyfitter_cfg.c **** CY_CFG_UNUSED
 125:Generated_Source\PSoC4/cyfitter_cfg.c **** static void CyClockStartupError(uint8 errorCode)
 126:Generated_Source\PSoC4/cyfitter_cfg.c **** {
 127:Generated_Source\PSoC4/cyfitter_cfg.c ****     /* To remove the compiler warning if errorCode not used. */
 128:Generated_Source\PSoC4/cyfitter_cfg.c **** #if defined(CY_PSOC3) && (CY_PSOC3)
 129:Generated_Source\PSoC4/cyfitter_cfg.c ****     errorCode = errorCode;
 130:Generated_Source\PSoC4/cyfitter_cfg.c **** #else
 131:Generated_Source\PSoC4/cyfitter_cfg.c ****     (void)errorCode;
 132:Generated_Source\PSoC4/cyfitter_cfg.c **** #endif /* CY_PSOC3 */
 133:Generated_Source\PSoC4/cyfitter_cfg.c **** 
 134:Generated_Source\PSoC4/cyfitter_cfg.c ****     /* If we have a clock startup error (bad MHz crystal, PLL lock, etc.),  */
 135:Generated_Source\PSoC4/cyfitter_cfg.c ****     /* we will end up here to allow the customer to implement something to  */
 136:Generated_Source\PSoC4/cyfitter_cfg.c ****     /* deal with the clock condition.                                       */
 137:Generated_Source\PSoC4/cyfitter_cfg.c **** 
 138:Generated_Source\PSoC4/cyfitter_cfg.c **** #ifdef CY_CFG_CLOCK_STARTUP_ERROR_CALLBACK
 139:Generated_Source\PSoC4/cyfitter_cfg.c ****     CY_CFG_Clock_Startup_ErrorCallback();
 140:Generated_Source\PSoC4/cyfitter_cfg.c **** #else
 141:Generated_Source\PSoC4/cyfitter_cfg.c ****     /*  If not using CY_CFG_CLOCK_STARTUP_ERROR_CALLBACK, place your clock startup code here. */
 142:Generated_Source\PSoC4/cyfitter_cfg.c ****     /* `#START CyClockStartupError` */
 143:Generated_Source\PSoC4/cyfitter_cfg.c **** 
 144:Generated_Source\PSoC4/cyfitter_cfg.c **** 
 145:Generated_Source\PSoC4/cyfitter_cfg.c **** 
ARM GAS  C:\Users\Trainer\AppData\Local\Temp\ccuTd03V.s 			page 4


 146:Generated_Source\PSoC4/cyfitter_cfg.c ****     /* `#END` */
 147:Generated_Source\PSoC4/cyfitter_cfg.c **** 
 148:Generated_Source\PSoC4/cyfitter_cfg.c ****     while(1) {}
 149:Generated_Source\PSoC4/cyfitter_cfg.c **** #endif /* CY_CFG_CLOCK_STARTUP_ERROR_CALLBACK */
 150:Generated_Source\PSoC4/cyfitter_cfg.c **** }
 151:Generated_Source\PSoC4/cyfitter_cfg.c **** #endif
 152:Generated_Source\PSoC4/cyfitter_cfg.c **** 
 153:Generated_Source\PSoC4/cyfitter_cfg.c **** 
 154:Generated_Source\PSoC4/cyfitter_cfg.c **** 
 155:Generated_Source\PSoC4/cyfitter_cfg.c **** /*******************************************************************************
 156:Generated_Source\PSoC4/cyfitter_cfg.c **** * Function Name: ClockSetup
 157:Generated_Source\PSoC4/cyfitter_cfg.c **** ********************************************************************************
 158:Generated_Source\PSoC4/cyfitter_cfg.c **** *
 159:Generated_Source\PSoC4/cyfitter_cfg.c **** * Summary:
 160:Generated_Source\PSoC4/cyfitter_cfg.c **** *   Performs the initialization of all of the clocks in the device based on the
 161:Generated_Source\PSoC4/cyfitter_cfg.c **** *   settings in the Clock tab of the DWR.  This includes enabling the requested
 162:Generated_Source\PSoC4/cyfitter_cfg.c **** *   clocks and setting the necessary dividers to produce the desired frequency. 
 163:Generated_Source\PSoC4/cyfitter_cfg.c **** *
 164:Generated_Source\PSoC4/cyfitter_cfg.c **** * Parameters:
 165:Generated_Source\PSoC4/cyfitter_cfg.c **** *   void
 166:Generated_Source\PSoC4/cyfitter_cfg.c **** *
 167:Generated_Source\PSoC4/cyfitter_cfg.c **** * Return:
 168:Generated_Source\PSoC4/cyfitter_cfg.c **** *   void
 169:Generated_Source\PSoC4/cyfitter_cfg.c **** *
 170:Generated_Source\PSoC4/cyfitter_cfg.c **** *******************************************************************************/
 171:Generated_Source\PSoC4/cyfitter_cfg.c **** static void ClockSetup(void);
 172:Generated_Source\PSoC4/cyfitter_cfg.c **** CY_CFG_SECTION
 173:Generated_Source\PSoC4/cyfitter_cfg.c **** static void ClockSetup(void)
 174:Generated_Source\PSoC4/cyfitter_cfg.c **** {
 175:Generated_Source\PSoC4/cyfitter_cfg.c **** 
 176:Generated_Source\PSoC4/cyfitter_cfg.c **** 	/* Set Flash Cycles based on max possible frequency in case a glitch occurs during ClockSetup(). *
 177:Generated_Source\PSoC4/cyfitter_cfg.c **** 	CY_SET_REG32((void CYXDATA *)(CYREG_CPUSS_FLASH_CTL), (0x0012u));
 178:Generated_Source\PSoC4/cyfitter_cfg.c **** 
 179:Generated_Source\PSoC4/cyfitter_cfg.c **** 	/* Start the WCO */
 180:Generated_Source\PSoC4/cyfitter_cfg.c **** 	CySysClkWcoStart();
 181:Generated_Source\PSoC4/cyfitter_cfg.c **** 	CyDelayCycles(12000000u); /* WCO may take up to 500ms to start */
 182:Generated_Source\PSoC4/cyfitter_cfg.c **** 	(void)CySysClkWcoSetPowerMode(CY_SYS_CLK_WCO_LPM);    /* Switch to the low power mode */
 183:Generated_Source\PSoC4/cyfitter_cfg.c **** 
 184:Generated_Source\PSoC4/cyfitter_cfg.c **** 	/* Setup and trim IMO based on desired frequency. */
 185:Generated_Source\PSoC4/cyfitter_cfg.c **** 	CySysClkWriteImoFreq(48u);
 186:Generated_Source\PSoC4/cyfitter_cfg.c **** 	/* CYDEV_CLK_ILO_CONFIG Starting address: CYDEV_CLK_ILO_CONFIG */
 187:Generated_Source\PSoC4/cyfitter_cfg.c **** 	CY_SET_REG32((void *)(CYREG_CLK_ILO_CONFIG), 0x80000006u);
 188:Generated_Source\PSoC4/cyfitter_cfg.c **** 
 189:Generated_Source\PSoC4/cyfitter_cfg.c **** 	/* CYDEV_WDT_CONFIG Starting address: CYDEV_WDT_CONFIG */
 190:Generated_Source\PSoC4/cyfitter_cfg.c **** 	CY_SET_REG32((void *)(CYREG_WDT_CONFIG), 0x40000000u);
 191:Generated_Source\PSoC4/cyfitter_cfg.c **** 
 192:Generated_Source\PSoC4/cyfitter_cfg.c **** 
 193:Generated_Source\PSoC4/cyfitter_cfg.c **** 	/* Enable fast start mode for XO */
 194:Generated_Source\PSoC4/cyfitter_cfg.c **** 	CY_SET_REG32((void*)CYREG_BLE_BLERD_BB_XO, CY_GET_REG32((void*)CYREG_BLE_BLERD_BB_XO) | (uint32)0x
 195:Generated_Source\PSoC4/cyfitter_cfg.c **** 	CY_SET_REG32((void *)(CYREG_BLE_BLERD_BB_XO_CAPTRIM), 0x00003E2Du);
 196:Generated_Source\PSoC4/cyfitter_cfg.c **** 	/*Set XTAL(ECO) divider*/
 197:Generated_Source\PSoC4/cyfitter_cfg.c **** 	CY_SET_REG32((void *)(CYREG_BLE_BLESS_XTAL_CLK_DIV_CONFIG), 0x00000000u);
 198:Generated_Source\PSoC4/cyfitter_cfg.c **** 	/* Disable Crystal Stable Interrupt before enabling ECO */
 199:Generated_Source\PSoC4/cyfitter_cfg.c **** 	CY_SET_REG32((void*)CYREG_BLE_BLESS_LL_DSM_CTRL, CY_GET_REG32((void*)CYREG_BLE_BLESS_LL_DSM_CTRL) 
 200:Generated_Source\PSoC4/cyfitter_cfg.c **** 	/* Start the ECO and do not check status since it is not needed for HFCLK */
 201:Generated_Source\PSoC4/cyfitter_cfg.c **** 	(void)CySysClkEcoStart(2000u);
 202:Generated_Source\PSoC4/cyfitter_cfg.c **** 	CyDelayUs(1500u); /* Wait to stabilize */
ARM GAS  C:\Users\Trainer\AppData\Local\Temp\ccuTd03V.s 			page 5


 203:Generated_Source\PSoC4/cyfitter_cfg.c **** 
 204:Generated_Source\PSoC4/cyfitter_cfg.c **** 	/* Setup phase aligned clocks */
 205:Generated_Source\PSoC4/cyfitter_cfg.c **** 
 206:Generated_Source\PSoC4/cyfitter_cfg.c **** 	/* CYDEV_CLK_IMO_CONFIG Starting address: CYDEV_CLK_IMO_CONFIG */
 207:Generated_Source\PSoC4/cyfitter_cfg.c **** 	CY_SET_REG32((void *)(CYREG_CLK_IMO_CONFIG), 0x80000000u);
 208:Generated_Source\PSoC4/cyfitter_cfg.c **** 
 209:Generated_Source\PSoC4/cyfitter_cfg.c **** 	/* CYDEV_CLK_SELECT Starting address: CYDEV_CLK_SELECT */
 210:Generated_Source\PSoC4/cyfitter_cfg.c **** 	CY_SET_REG32((void *)(CYREG_CLK_SELECT), 0x00040000u);
 211:Generated_Source\PSoC4/cyfitter_cfg.c **** 
 212:Generated_Source\PSoC4/cyfitter_cfg.c **** 	(void)CyIntSetVector(8u, &CySysWdtIsr);
 213:Generated_Source\PSoC4/cyfitter_cfg.c **** 	CyIntEnable(8u);
 214:Generated_Source\PSoC4/cyfitter_cfg.c **** 	CY_SET_REG32((void *)(CYREG_WDT_CONFIG), 0x40000000u);
 215:Generated_Source\PSoC4/cyfitter_cfg.c **** }
 216:Generated_Source\PSoC4/cyfitter_cfg.c **** 
 217:Generated_Source\PSoC4/cyfitter_cfg.c **** 
 218:Generated_Source\PSoC4/cyfitter_cfg.c **** /* Analog API Functions */
 219:Generated_Source\PSoC4/cyfitter_cfg.c **** 
 220:Generated_Source\PSoC4/cyfitter_cfg.c **** 
 221:Generated_Source\PSoC4/cyfitter_cfg.c **** /*******************************************************************************
 222:Generated_Source\PSoC4/cyfitter_cfg.c **** * Function Name: AnalogSetDefault
 223:Generated_Source\PSoC4/cyfitter_cfg.c **** ********************************************************************************
 224:Generated_Source\PSoC4/cyfitter_cfg.c **** *
 225:Generated_Source\PSoC4/cyfitter_cfg.c **** * Summary:
 226:Generated_Source\PSoC4/cyfitter_cfg.c **** *  Sets up the analog portions of the chip to default values based on chip
 227:Generated_Source\PSoC4/cyfitter_cfg.c **** *  configuration options from the project.
 228:Generated_Source\PSoC4/cyfitter_cfg.c **** *
 229:Generated_Source\PSoC4/cyfitter_cfg.c **** * Parameters:
 230:Generated_Source\PSoC4/cyfitter_cfg.c **** *  void
 231:Generated_Source\PSoC4/cyfitter_cfg.c **** *
 232:Generated_Source\PSoC4/cyfitter_cfg.c **** * Return:
 233:Generated_Source\PSoC4/cyfitter_cfg.c **** *  void
 234:Generated_Source\PSoC4/cyfitter_cfg.c **** *
 235:Generated_Source\PSoC4/cyfitter_cfg.c **** *******************************************************************************/
 236:Generated_Source\PSoC4/cyfitter_cfg.c **** static void AnalogSetDefault(void);
 237:Generated_Source\PSoC4/cyfitter_cfg.c **** static void AnalogSetDefault(void)
 238:Generated_Source\PSoC4/cyfitter_cfg.c **** {
  27              		.loc 1 238 0
  28              		.cfi_startproc
  29              		@ args = 0, pretend = 0, frame = 0
  30              		@ frame_needed = 0, uses_anonymous_args = 0
  31              		@ link register save eliminated.
 239:Generated_Source\PSoC4/cyfitter_cfg.c **** 	CY_SET_XTND_REG32((void CYFAR *)CYREG_CTBM0_DFT_CTRL, 0x00000003u);
  32              		.loc 1 239 0
  33 0000 0323     		movs	r3, #3
  34 0002 044A     		ldr	r2, .L2
  35 0004 1360     		str	r3, [r2]
 240:Generated_Source\PSoC4/cyfitter_cfg.c **** 	CY_SET_XTND_REG32((void CYFAR *)CYREG_CTBM1_DFT_CTRL, 0x00000003u);
  36              		.loc 1 240 0
  37 0006 044A     		ldr	r2, .L2+4
  38 0008 1360     		str	r3, [r2]
 241:Generated_Source\PSoC4/cyfitter_cfg.c **** 	CY_SET_XTND_REG32((void CYFAR *)CYREG_PASS_DSAB_DSAB_CTRL, 0x00000000u);
  39              		.loc 1 241 0
  40 000a 0022     		movs	r2, #0
  41 000c 034B     		ldr	r3, .L2+8
  42 000e 1A60     		str	r2, [r3]
 242:Generated_Source\PSoC4/cyfitter_cfg.c **** }
  43              		.loc 1 242 0
ARM GAS  C:\Users\Trainer\AppData\Local\Temp\ccuTd03V.s 			page 6


  44              		@ sp needed
  45 0010 7047     		bx	lr
  46              	.L3:
  47 0012 C046     		.align	2
  48              	.L2:
  49 0014 30003040 		.word	1076887600
  50 0018 30003140 		.word	1076953136
  51 001c 000E3F40 		.word	1077874176
  52              		.cfi_endproc
  53              	.LFE6:
  54              		.size	AnalogSetDefault, .-AnalogSetDefault
  55              		.section	.text.CYMEMZERO,"ax",%progbits
  56              		.align	2
  57              		.code	16
  58              		.thumb_func
  59              		.type	CYMEMZERO, %function
  60              	CYMEMZERO:
  61              	.LFB2:
  77:Generated_Source\PSoC4/cyfitter_cfg.c **** 	(void)memset(s, 0, n);
  62              		.loc 1 77 0
  63              		.cfi_startproc
  64              		@ args = 0, pretend = 0, frame = 0
  65              		@ frame_needed = 0, uses_anonymous_args = 0
  66              	.LVL0:
  67 0000 10B5     		push	{r4, lr}
  68              		.cfi_def_cfa_offset 8
  69              		.cfi_offset 4, -8
  70              		.cfi_offset 14, -4
  71 0002 0A00     		movs	r2, r1
  78:Generated_Source\PSoC4/cyfitter_cfg.c **** }
  72              		.loc 1 78 0
  73 0004 0021     		movs	r1, #0
  74              	.LVL1:
  75 0006 FFF7FEFF 		bl	memset
  76              	.LVL2:
  79:Generated_Source\PSoC4/cyfitter_cfg.c **** CY_CFG_UNUSED
  77              		.loc 1 79 0
  78              		@ sp needed
  79 000a 10BD     		pop	{r4, pc}
  80              		.cfi_endproc
  81              	.LFE2:
  82              		.size	CYMEMZERO, .-CYMEMZERO
  83              		.section	.psocinit,"ax",%progbits
  84              		.align	2
  85              		.code	16
  86              		.thumb_func
  87              		.type	ClockSetup, %function
  88              	ClockSetup:
  89              	.LFB5:
 174:Generated_Source\PSoC4/cyfitter_cfg.c **** 
  90              		.loc 1 174 0
  91              		.cfi_startproc
  92              		@ args = 0, pretend = 0, frame = 0
  93              		@ frame_needed = 0, uses_anonymous_args = 0
  94 0000 70B5     		push	{r4, r5, r6, lr}
  95              		.cfi_def_cfa_offset 16
  96              		.cfi_offset 4, -16
ARM GAS  C:\Users\Trainer\AppData\Local\Temp\ccuTd03V.s 			page 7


  97              		.cfi_offset 5, -12
  98              		.cfi_offset 6, -8
  99              		.cfi_offset 14, -4
 177:Generated_Source\PSoC4/cyfitter_cfg.c **** 
 100              		.loc 1 177 0
 101 0002 1222     		movs	r2, #18
 102 0004 1D4B     		ldr	r3, .L6
 103 0006 1A60     		str	r2, [r3]
 180:Generated_Source\PSoC4/cyfitter_cfg.c **** 	CyDelayCycles(12000000u); /* WCO may take up to 500ms to start */
 104              		.loc 1 180 0
 105 0008 FFF7FEFF 		bl	CySysClkWcoStart
 106              	.LVL3:
 181:Generated_Source\PSoC4/cyfitter_cfg.c **** 	(void)CySysClkWcoSetPowerMode(CY_SYS_CLK_WCO_LPM);    /* Switch to the low power mode */
 107              		.loc 1 181 0
 108 000c 1C48     		ldr	r0, .L6+4
 109 000e FFF7FEFF 		bl	CyDelayCycles
 110              	.LVL4:
 182:Generated_Source\PSoC4/cyfitter_cfg.c **** 
 111              		.loc 1 182 0
 112 0012 0120     		movs	r0, #1
 113 0014 FFF7FEFF 		bl	CySysClkWcoSetPowerMode
 114              	.LVL5:
 185:Generated_Source\PSoC4/cyfitter_cfg.c **** 	/* CYDEV_CLK_ILO_CONFIG Starting address: CYDEV_CLK_ILO_CONFIG */
 115              		.loc 1 185 0
 116 0018 3020     		movs	r0, #48
 117 001a FFF7FEFF 		bl	CySysClkWriteImoFreq
 118              	.LVL6:
 187:Generated_Source\PSoC4/cyfitter_cfg.c **** 
 119              		.loc 1 187 0
 120 001e 194A     		ldr	r2, .L6+8
 121 0020 194B     		ldr	r3, .L6+12
 122 0022 1A60     		str	r2, [r3]
 190:Generated_Source\PSoC4/cyfitter_cfg.c **** 
 123              		.loc 1 190 0
 124 0024 194C     		ldr	r4, .L6+16
 125 0026 8025     		movs	r5, #128
 126 0028 ED05     		lsls	r5, r5, #23
 127 002a 2560     		str	r5, [r4]
 194:Generated_Source\PSoC4/cyfitter_cfg.c **** 	CY_SET_REG32((void *)(CYREG_BLE_BLERD_BB_XO_CAPTRIM), 0x00003E2Du);
 128              		.loc 1 194 0
 129 002c 184A     		ldr	r2, .L6+20
 130 002e 1168     		ldr	r1, [r2]
 131 0030 0223     		movs	r3, #2
 132 0032 0B43     		orrs	r3, r1
 133 0034 1360     		str	r3, [r2]
 195:Generated_Source\PSoC4/cyfitter_cfg.c **** 	/*Set XTAL(ECO) divider*/
 134              		.loc 1 195 0
 135 0036 174A     		ldr	r2, .L6+24
 136 0038 174B     		ldr	r3, .L6+28
 137 003a 1A60     		str	r2, [r3]
 197:Generated_Source\PSoC4/cyfitter_cfg.c **** 	/* Disable Crystal Stable Interrupt before enabling ECO */
 138              		.loc 1 197 0
 139 003c 0022     		movs	r2, #0
 140 003e 174B     		ldr	r3, .L6+32
 141 0040 1A60     		str	r2, [r3]
 199:Generated_Source\PSoC4/cyfitter_cfg.c **** 	/* Start the ECO and do not check status since it is not needed for HFCLK */
 142              		.loc 1 199 0
ARM GAS  C:\Users\Trainer\AppData\Local\Temp\ccuTd03V.s 			page 8


 143 0042 174A     		ldr	r2, .L6+36
 144 0044 1368     		ldr	r3, [r2]
 145 0046 0821     		movs	r1, #8
 146 0048 8B43     		bics	r3, r1
 147 004a 1360     		str	r3, [r2]
 201:Generated_Source\PSoC4/cyfitter_cfg.c **** 	CyDelayUs(1500u); /* Wait to stabilize */
 148              		.loc 1 201 0
 149 004c FA20     		movs	r0, #250
 150 004e C000     		lsls	r0, r0, #3
 151 0050 FFF7FEFF 		bl	CySysClkEcoStart
 152              	.LVL7:
 202:Generated_Source\PSoC4/cyfitter_cfg.c **** 
 153              		.loc 1 202 0
 154 0054 1348     		ldr	r0, .L6+40
 155 0056 FFF7FEFF 		bl	CyDelayUs
 156              	.LVL8:
 207:Generated_Source\PSoC4/cyfitter_cfg.c **** 
 157              		.loc 1 207 0
 158 005a 8022     		movs	r2, #128
 159 005c 1206     		lsls	r2, r2, #24
 160 005e 124B     		ldr	r3, .L6+44
 161 0060 1A60     		str	r2, [r3]
 210:Generated_Source\PSoC4/cyfitter_cfg.c **** 
 162              		.loc 1 210 0
 163 0062 8022     		movs	r2, #128
 164 0064 D202     		lsls	r2, r2, #11
 165 0066 114B     		ldr	r3, .L6+48
 166 0068 1A60     		str	r2, [r3]
 212:Generated_Source\PSoC4/cyfitter_cfg.c **** 	CyIntEnable(8u);
 167              		.loc 1 212 0
 168 006a 1149     		ldr	r1, .L6+52
 169 006c 0820     		movs	r0, #8
 170 006e FFF7FEFF 		bl	CyIntSetVector
 171              	.LVL9:
 213:Generated_Source\PSoC4/cyfitter_cfg.c **** 	CY_SET_REG32((void *)(CYREG_WDT_CONFIG), 0x40000000u);
 172              		.loc 1 213 0
 173 0072 0820     		movs	r0, #8
 174 0074 FFF7FEFF 		bl	CyIntEnable
 175              	.LVL10:
 214:Generated_Source\PSoC4/cyfitter_cfg.c **** }
 176              		.loc 1 214 0
 177 0078 2560     		str	r5, [r4]
 215:Generated_Source\PSoC4/cyfitter_cfg.c **** 
 178              		.loc 1 215 0
 179              		@ sp needed
 180 007a 70BD     		pop	{r4, r5, r6, pc}
 181              	.L7:
 182              		.align	2
 183              	.L6:
 184 007c 30001040 		.word	1074790448
 185 0080 001BB700 		.word	12000000
 186 0084 06000080 		.word	-2147483642
 187 0088 04010B40 		.word	1074462980
 188 008c 0C020B40 		.word	1074463244
 189 0090 78002E40 		.word	1076756600
 190 0094 2D3E0000 		.word	15917
 191 0098 7C002E40 		.word	1076756604
ARM GAS  C:\Users\Trainer\AppData\Local\Temp\ccuTd03V.s 			page 9


 192 009c 64F02E40 		.word	1076818020
 193 00a0 6CF02E40 		.word	1076818028
 194 00a4 DC050000 		.word	1500
 195 00a8 08010B40 		.word	1074462984
 196 00ac 00010B40 		.word	1074462976
 197 00b0 00000000 		.word	CySysWdtIsr
 198              		.cfi_endproc
 199              	.LFE5:
 200              		.size	ClockSetup, .-ClockSetup
 201              		.align	2
 202              		.global	cyfitter_cfg
 203              		.code	16
 204              		.thumb_func
 205              		.type	cyfitter_cfg, %function
 206              	cyfitter_cfg:
 207              	.LFB7:
 243:Generated_Source\PSoC4/cyfitter_cfg.c **** 
 244:Generated_Source\PSoC4/cyfitter_cfg.c **** 
 245:Generated_Source\PSoC4/cyfitter_cfg.c **** 
 246:Generated_Source\PSoC4/cyfitter_cfg.c **** 
 247:Generated_Source\PSoC4/cyfitter_cfg.c **** /*******************************************************************************
 248:Generated_Source\PSoC4/cyfitter_cfg.c **** * Function Name: cyfitter_cfg
 249:Generated_Source\PSoC4/cyfitter_cfg.c **** ********************************************************************************
 250:Generated_Source\PSoC4/cyfitter_cfg.c **** * Summary:
 251:Generated_Source\PSoC4/cyfitter_cfg.c **** *  This function is called by the start-up code for the selected device. It
 252:Generated_Source\PSoC4/cyfitter_cfg.c **** *  performs all of the necessary device configuration based on the design
 253:Generated_Source\PSoC4/cyfitter_cfg.c **** *  settings.  This includes settings from the Design Wide Resources (DWR) such
 254:Generated_Source\PSoC4/cyfitter_cfg.c **** *  as Clocks and Pins as well as any component configuration that is necessary.
 255:Generated_Source\PSoC4/cyfitter_cfg.c **** *
 256:Generated_Source\PSoC4/cyfitter_cfg.c **** * Parameters:
 257:Generated_Source\PSoC4/cyfitter_cfg.c **** *   void
 258:Generated_Source\PSoC4/cyfitter_cfg.c **** *
 259:Generated_Source\PSoC4/cyfitter_cfg.c **** * Return:
 260:Generated_Source\PSoC4/cyfitter_cfg.c **** *   void
 261:Generated_Source\PSoC4/cyfitter_cfg.c **** *
 262:Generated_Source\PSoC4/cyfitter_cfg.c **** *******************************************************************************/
 263:Generated_Source\PSoC4/cyfitter_cfg.c **** CY_CFG_SECTION
 264:Generated_Source\PSoC4/cyfitter_cfg.c **** void cyfitter_cfg(void)
 265:Generated_Source\PSoC4/cyfitter_cfg.c **** {
 208              		.loc 1 265 0
 209              		.cfi_startproc
 210              		@ args = 0, pretend = 0, frame = 0
 211              		@ frame_needed = 0, uses_anonymous_args = 0
 212 00b4 10B5     		push	{r4, lr}
 213              		.cfi_def_cfa_offset 8
 214              		.cfi_offset 4, -8
 215              		.cfi_offset 14, -4
 266:Generated_Source\PSoC4/cyfitter_cfg.c **** 	/* Disable interrupts by default. Let user enable if/when they want. */
 267:Generated_Source\PSoC4/cyfitter_cfg.c **** 	CyGlobalIntDisable;
 216              		.loc 1 267 0
 217              		.syntax divided
 218              	@ 267 "Generated_Source\PSoC4\cyfitter_cfg.c" 1
 219 00b6 72B6     		CPSID   i
 220              	@ 0 "" 2
 268:Generated_Source\PSoC4/cyfitter_cfg.c **** 
 269:Generated_Source\PSoC4/cyfitter_cfg.c **** 	CY_SET_REG32((void *)(CYREG_BLE_BLESS_LL_DSM_CTRL), 0x00000000u);
 221              		.loc 1 269 0
ARM GAS  C:\Users\Trainer\AppData\Local\Temp\ccuTd03V.s 			page 10


 222              		.thumb
 223              		.syntax unified
 224 00b8 0022     		movs	r2, #0
 225 00ba 1B4B     		ldr	r3, .L11
 226 00bc 1A60     		str	r2, [r3]
 227              	.LVL11:
 228              	.LBB2:
 270:Generated_Source\PSoC4/cyfitter_cfg.c **** 
 271:Generated_Source\PSoC4/cyfitter_cfg.c **** 	{
 272:Generated_Source\PSoC4/cyfitter_cfg.c **** 
 273:Generated_Source\PSoC4/cyfitter_cfg.c **** 		CYPACKED typedef struct {
 274:Generated_Source\PSoC4/cyfitter_cfg.c **** 			void CYFAR *address;
 275:Generated_Source\PSoC4/cyfitter_cfg.c **** 			uint16 size;
 276:Generated_Source\PSoC4/cyfitter_cfg.c **** 		} CYPACKED_ATTR cfg_memset_t;
 277:Generated_Source\PSoC4/cyfitter_cfg.c **** 
 278:Generated_Source\PSoC4/cyfitter_cfg.c **** 		static const cfg_memset_t CYCODE cfg_memset_list[] = {
 279:Generated_Source\PSoC4/cyfitter_cfg.c **** 			/* address, size */
 280:Generated_Source\PSoC4/cyfitter_cfg.c **** 			{(void CYFAR *)(CYDEV_UDB_P0_U0_BASE), 1024u},
 281:Generated_Source\PSoC4/cyfitter_cfg.c **** 			{(void CYFAR *)(CYDEV_UDB_DSI0_BASE), 1024u},
 282:Generated_Source\PSoC4/cyfitter_cfg.c **** 		};
 283:Generated_Source\PSoC4/cyfitter_cfg.c **** 
 284:Generated_Source\PSoC4/cyfitter_cfg.c **** 		uint8 CYDATA i;
 285:Generated_Source\PSoC4/cyfitter_cfg.c **** 
 286:Generated_Source\PSoC4/cyfitter_cfg.c **** 		/* Zero out critical memory blocks before beginning configuration */
 287:Generated_Source\PSoC4/cyfitter_cfg.c **** 		for (i = 0u; i < (sizeof(cfg_memset_list)/sizeof(cfg_memset_list[0])); i++)
 229              		.loc 1 287 0
 230 00be 0024     		movs	r4, #0
 231 00c0 0FE0     		b	.L9
 232              	.LVL12:
 233              	.L10:
 234              	.LBB3:
 288:Generated_Source\PSoC4/cyfitter_cfg.c **** 		{
 289:Generated_Source\PSoC4/cyfitter_cfg.c **** 			const cfg_memset_t CYCODE * CYDATA ms = &cfg_memset_list[i];
 290:Generated_Source\PSoC4/cyfitter_cfg.c **** 			CYMEMZERO(ms->address, (size_t)(uint32)(ms->size));
 235              		.loc 1 290 0 discriminator 3
 236 00c2 1A48     		ldr	r0, .L11+4
 237 00c4 6200     		lsls	r2, r4, #1
 238 00c6 1319     		adds	r3, r2, r4
 239 00c8 5900     		lsls	r1, r3, #1
 240 00ca 0B00     		movs	r3, r1
 241 00cc 4118     		adds	r1, r0, r1
 242 00ce 8988     		ldrh	r1, [r1, #4]
 243 00d0 1A5A     		ldrh	r2, [r3, r0]
 244 00d2 C318     		adds	r3, r0, r3
 245 00d4 5888     		ldrh	r0, [r3, #2]
 246 00d6 0004     		lsls	r0, r0, #16
 247 00d8 1043     		orrs	r0, r2
 248 00da FFF7FEFF 		bl	CYMEMZERO
 249              	.LVL13:
 250              	.LBE3:
 287:Generated_Source\PSoC4/cyfitter_cfg.c **** 		{
 251              		.loc 1 287 0 discriminator 3
 252 00de 0134     		adds	r4, r4, #1
 253              	.LVL14:
 254 00e0 E4B2     		uxtb	r4, r4
 255              	.LVL15:
 256              	.L9:
ARM GAS  C:\Users\Trainer\AppData\Local\Temp\ccuTd03V.s 			page 11


 287:Generated_Source\PSoC4/cyfitter_cfg.c **** 		{
 257              		.loc 1 287 0 is_stmt 0 discriminator 1
 258 00e2 012C     		cmp	r4, #1
 259 00e4 EDD9     		bls	.L10
 291:Generated_Source\PSoC4/cyfitter_cfg.c **** 		}
 292:Generated_Source\PSoC4/cyfitter_cfg.c **** 
 293:Generated_Source\PSoC4/cyfitter_cfg.c **** 		/* HSIOM Starting address: CYDEV_HSIOM_BASE */
 294:Generated_Source\PSoC4/cyfitter_cfg.c **** 		CY_SET_REG32((void *)(CYDEV_HSIOM_BASE), 0xEE000000u);
 260              		.loc 1 294 0 is_stmt 1
 261 00e6 EE22     		movs	r2, #238
 262 00e8 1206     		lsls	r2, r2, #24
 263 00ea 114B     		ldr	r3, .L11+8
 264 00ec 1A60     		str	r2, [r3]
 295:Generated_Source\PSoC4/cyfitter_cfg.c **** 
 296:Generated_Source\PSoC4/cyfitter_cfg.c **** 		/* UDB_PA_0 Starting address: CYDEV_UDB_PA0_BASE */
 297:Generated_Source\PSoC4/cyfitter_cfg.c **** 		CY_SET_REG32((void *)(CYDEV_UDB_PA0_BASE), 0x00990000u);
 265              		.loc 1 297 0
 266 00ee 9923     		movs	r3, #153
 267 00f0 1B04     		lsls	r3, r3, #16
 268 00f2 104A     		ldr	r2, .L11+12
 269 00f4 1360     		str	r3, [r2]
 298:Generated_Source\PSoC4/cyfitter_cfg.c **** 
 299:Generated_Source\PSoC4/cyfitter_cfg.c **** 		/* UDB_PA_2 Starting address: CYDEV_UDB_PA2_BASE */
 300:Generated_Source\PSoC4/cyfitter_cfg.c **** 		CY_SET_REG32((void *)(CYDEV_UDB_PA2_BASE), 0x00990000u);
 270              		.loc 1 300 0
 271 00f6 104A     		ldr	r2, .L11+16
 272 00f8 1360     		str	r3, [r2]
 301:Generated_Source\PSoC4/cyfitter_cfg.c **** 
 302:Generated_Source\PSoC4/cyfitter_cfg.c **** 		/* UDB_PA_3 Starting address: CYDEV_UDB_PA3_BASE */
 303:Generated_Source\PSoC4/cyfitter_cfg.c **** 		CY_SET_REG32((void *)(CYDEV_UDB_PA3_BASE), 0x00990000u);
 273              		.loc 1 303 0
 274 00fa 104A     		ldr	r2, .L11+20
 275 00fc 1360     		str	r3, [r2]
 304:Generated_Source\PSoC4/cyfitter_cfg.c **** 
 305:Generated_Source\PSoC4/cyfitter_cfg.c **** 		/* Enable digital routing */
 306:Generated_Source\PSoC4/cyfitter_cfg.c **** 		CY_SET_XTND_REG8((void *)CYREG_UDB_UDBIF_BANK_CTL, (uint8)(CY_GET_XTND_REG8((void *)CYREG_UDB_UDB
 276              		.loc 1 306 0
 277 00fe 104A     		ldr	r2, .L11+24
 278 0100 1178     		ldrb	r1, [r2]
 279 0102 0623     		movs	r3, #6
 280 0104 0B43     		orrs	r3, r1
 281 0106 DBB2     		uxtb	r3, r3
 282 0108 1370     		strb	r3, [r2]
 283              	.LBE2:
 307:Generated_Source\PSoC4/cyfitter_cfg.c **** 	}
 308:Generated_Source\PSoC4/cyfitter_cfg.c **** 
 309:Generated_Source\PSoC4/cyfitter_cfg.c **** 	/* Perform second pass device configuration. These items must be configured in specific order afte
 310:Generated_Source\PSoC4/cyfitter_cfg.c **** 	/* IOPINS0_0 Starting address: CYDEV_GPIO_PRT0_BASE */
 311:Generated_Source\PSoC4/cyfitter_cfg.c **** 	CY_SET_REG32((void *)(CYREG_GPIO_PRT0_PC), 0x00D80000u);
 284              		.loc 1 311 0
 285 010a D823     		movs	r3, #216
 286 010c 1B04     		lsls	r3, r3, #16
 287 010e 0D4A     		ldr	r2, .L11+28
 288 0110 1360     		str	r3, [r2]
 312:Generated_Source\PSoC4/cyfitter_cfg.c **** 
 313:Generated_Source\PSoC4/cyfitter_cfg.c **** 	/* IOPINS0_2 Starting address: CYDEV_GPIO_PRT2_BASE */
 314:Generated_Source\PSoC4/cyfitter_cfg.c **** 	CY_SET_REG32((void *)(CYREG_GPIO_PRT2_PC), 0x00180000u);
ARM GAS  C:\Users\Trainer\AppData\Local\Temp\ccuTd03V.s 			page 12


 289              		.loc 1 314 0
 290 0112 C021     		movs	r1, #192
 291 0114 4903     		lsls	r1, r1, #13
 292 0116 0C4A     		ldr	r2, .L11+32
 293 0118 1160     		str	r1, [r2]
 315:Generated_Source\PSoC4/cyfitter_cfg.c **** 
 316:Generated_Source\PSoC4/cyfitter_cfg.c **** 	/* IOPINS0_3 Starting address: CYDEV_GPIO_PRT3_BASE */
 317:Generated_Source\PSoC4/cyfitter_cfg.c **** 	CY_SET_REG32((void *)(CYREG_GPIO_PRT3_PC), 0x00D80000u);
 294              		.loc 1 317 0
 295 011a 0C4A     		ldr	r2, .L11+36
 296 011c 1360     		str	r3, [r2]
 318:Generated_Source\PSoC4/cyfitter_cfg.c **** 
 319:Generated_Source\PSoC4/cyfitter_cfg.c **** 
 320:Generated_Source\PSoC4/cyfitter_cfg.c **** 	/* Setup clocks based on selections from Clock DWR */
 321:Generated_Source\PSoC4/cyfitter_cfg.c **** 	ClockSetup();
 297              		.loc 1 321 0
 298 011e FFF76FFF 		bl	ClockSetup
 299              	.LVL16:
 322:Generated_Source\PSoC4/cyfitter_cfg.c **** 
 323:Generated_Source\PSoC4/cyfitter_cfg.c **** 	/* Perform basic analog initialization to defaults */
 324:Generated_Source\PSoC4/cyfitter_cfg.c **** 	AnalogSetDefault();
 300              		.loc 1 324 0
 301 0122 FFF7FEFF 		bl	AnalogSetDefault
 302              	.LVL17:
 325:Generated_Source\PSoC4/cyfitter_cfg.c **** 
 326:Generated_Source\PSoC4/cyfitter_cfg.c **** }
 303              		.loc 1 326 0
 304              		@ sp needed
 305              	.LVL18:
 306 0126 10BD     		pop	{r4, pc}
 307              	.L12:
 308              		.align	2
 309              	.L11:
 310 0128 6CF02E40 		.word	1076818028
 311 012c 00000000 		.word	.LANCHOR0
 312 0130 00000240 		.word	1073872896
 313 0134 00500F40 		.word	1074745344
 314 0138 20500F40 		.word	1074745376
 315 013c 30500F40 		.word	1074745392
 316 0140 00700F40 		.word	1074753536
 317 0144 08000440 		.word	1074003976
 318 0148 08020440 		.word	1074004488
 319 014c 08030440 		.word	1074004744
 320              		.cfi_endproc
 321              	.LFE7:
 322              		.size	cyfitter_cfg, .-cyfitter_cfg
 323              		.section	.rodata
 324              		.align	2
 325              		.set	.LANCHOR0,. + 0
 326              		.type	cfg_memset_list.4884, %object
 327              		.size	cfg_memset_list.4884, 12
 328              	cfg_memset_list.4884:
 329 0000 00300F40 		.word	1074737152
 330 0004 0004     		.short	1024
 331 0006 00400F40 		.4byte	1074741248
 332 000a 0004     		.short	1024
 333              		.text
ARM GAS  C:\Users\Trainer\AppData\Local\Temp\ccuTd03V.s 			page 13


 334              	.Letext0:
 335              		.file 2 "c:\\program files (x86)\\cypress\\psoc creator\\4.1\\psoc creator\\import\\gnu\\arm\\5.4.
 336              		.file 3 "Generated_Source\\PSoC4\\cytypes.h"
 337              		.file 4 "Generated_Source\\PSoC4\\CyLFClk.h"
 338              		.file 5 "Generated_Source\\PSoC4\\CyLib.h"
 339              		.section	.debug_info,"",%progbits
 340              	.Ldebug_info0:
 341 0000 29030000 		.4byte	0x329
 342 0004 0400     		.2byte	0x4
 343 0006 00000000 		.4byte	.Ldebug_abbrev0
 344 000a 04       		.byte	0x4
 345 000b 01       		.uleb128 0x1
 346 000c 72010000 		.4byte	.LASF34
 347 0010 0C       		.byte	0xc
 348 0011 84020000 		.4byte	.LASF35
 349 0015 69000000 		.4byte	.LASF36
 350 0019 00000000 		.4byte	.Ldebug_ranges0+0
 351 001d 00000000 		.4byte	0
 352 0021 00000000 		.4byte	.Ldebug_line0
 353 0025 02       		.uleb128 0x2
 354 0026 04       		.byte	0x4
 355 0027 05       		.byte	0x5
 356 0028 696E7400 		.ascii	"int\000"
 357 002c 03       		.uleb128 0x3
 358 002d 14000000 		.4byte	.LASF12
 359 0031 02       		.byte	0x2
 360 0032 D8       		.byte	0xd8
 361 0033 37000000 		.4byte	0x37
 362 0037 04       		.uleb128 0x4
 363 0038 04       		.byte	0x4
 364 0039 07       		.byte	0x7
 365 003a 39010000 		.4byte	.LASF0
 366 003e 04       		.uleb128 0x4
 367 003f 08       		.byte	0x8
 368 0040 05       		.byte	0x5
 369 0041 16020000 		.4byte	.LASF1
 370 0045 04       		.uleb128 0x4
 371 0046 08       		.byte	0x8
 372 0047 04       		.byte	0x4
 373 0048 6C020000 		.4byte	.LASF2
 374 004c 04       		.uleb128 0x4
 375 004d 01       		.byte	0x1
 376 004e 06       		.byte	0x6
 377 004f 78020000 		.4byte	.LASF3
 378 0053 04       		.uleb128 0x4
 379 0054 01       		.byte	0x1
 380 0055 08       		.byte	0x8
 381 0056 03010000 		.4byte	.LASF4
 382 005a 04       		.uleb128 0x4
 383 005b 02       		.byte	0x2
 384 005c 05       		.byte	0x5
 385 005d 44020000 		.4byte	.LASF5
 386 0061 04       		.uleb128 0x4
 387 0062 02       		.byte	0x2
 388 0063 07       		.byte	0x7
 389 0064 56000000 		.4byte	.LASF6
 390 0068 04       		.uleb128 0x4
ARM GAS  C:\Users\Trainer\AppData\Local\Temp\ccuTd03V.s 			page 14


 391 0069 04       		.byte	0x4
 392 006a 05       		.byte	0x5
 393 006b 63020000 		.4byte	.LASF7
 394 006f 04       		.uleb128 0x4
 395 0070 04       		.byte	0x4
 396 0071 07       		.byte	0x7
 397 0072 D0000000 		.4byte	.LASF8
 398 0076 04       		.uleb128 0x4
 399 0077 08       		.byte	0x8
 400 0078 07       		.byte	0x7
 401 0079 5B010000 		.4byte	.LASF9
 402 007d 04       		.uleb128 0x4
 403 007e 04       		.byte	0x4
 404 007f 07       		.byte	0x7
 405 0080 0D020000 		.4byte	.LASF10
 406 0084 05       		.uleb128 0x5
 407 0085 04       		.byte	0x4
 408 0086 04       		.uleb128 0x4
 409 0087 01       		.byte	0x1
 410 0088 08       		.byte	0x8
 411 0089 2E020000 		.4byte	.LASF11
 412 008d 06       		.uleb128 0x6
 413 008e E2000000 		.4byte	.LASF13
 414 0092 03       		.byte	0x3
 415 0093 D201     		.2byte	0x1d2
 416 0095 53000000 		.4byte	0x53
 417 0099 06       		.uleb128 0x6
 418 009a 2B010000 		.4byte	.LASF14
 419 009e 03       		.byte	0x3
 420 009f D301     		.2byte	0x1d3
 421 00a1 61000000 		.4byte	0x61
 422 00a5 06       		.uleb128 0x6
 423 00a6 32010000 		.4byte	.LASF15
 424 00aa 03       		.byte	0x3
 425 00ab D401     		.2byte	0x1d4
 426 00ad 6F000000 		.4byte	0x6f
 427 00b1 04       		.uleb128 0x4
 428 00b2 04       		.byte	0x4
 429 00b3 04       		.byte	0x4
 430 00b4 A8000000 		.4byte	.LASF16
 431 00b8 04       		.uleb128 0x4
 432 00b9 08       		.byte	0x8
 433 00ba 04       		.byte	0x4
 434 00bb 18010000 		.4byte	.LASF17
 435 00bf 06       		.uleb128 0x6
 436 00c0 CB000000 		.4byte	.LASF18
 437 00c4 03       		.byte	0x3
 438 00c5 7C02     		.2byte	0x27c
 439 00c7 CB000000 		.4byte	0xcb
 440 00cb 07       		.uleb128 0x7
 441 00cc 8D000000 		.4byte	0x8d
 442 00d0 06       		.uleb128 0x6
 443 00d1 0E000000 		.4byte	.LASF19
 444 00d5 03       		.byte	0x3
 445 00d6 7E02     		.2byte	0x27e
 446 00d8 DC000000 		.4byte	0xdc
 447 00dc 07       		.uleb128 0x7
ARM GAS  C:\Users\Trainer\AppData\Local\Temp\ccuTd03V.s 			page 15


 448 00dd A5000000 		.4byte	0xa5
 449 00e1 08       		.uleb128 0x8
 450 00e2 1B000000 		.4byte	.LASF37
 451 00e6 01       		.byte	0x1
 452 00e7 ED       		.byte	0xed
 453 00e8 00000000 		.4byte	.LFB6
 454 00ec 20000000 		.4byte	.LFE6-.LFB6
 455 00f0 01       		.uleb128 0x1
 456 00f1 9C       		.byte	0x9c
 457 00f2 09       		.uleb128 0x9
 458 00f3 F9000000 		.4byte	.LASF20
 459 00f7 01       		.byte	0x1
 460 00f8 4C       		.byte	0x4c
 461 00f9 00000000 		.4byte	.LFB2
 462 00fd 0C000000 		.4byte	.LFE2-.LFB2
 463 0101 01       		.uleb128 0x1
 464 0102 9C       		.byte	0x9c
 465 0103 3F010000 		.4byte	0x13f
 466 0107 0A       		.uleb128 0xa
 467 0108 7300     		.ascii	"s\000"
 468 010a 01       		.byte	0x1
 469 010b 4C       		.byte	0x4c
 470 010c 84000000 		.4byte	0x84
 471 0110 00000000 		.4byte	.LLST0
 472 0114 0A       		.uleb128 0xa
 473 0115 6E00     		.ascii	"n\000"
 474 0117 01       		.byte	0x1
 475 0118 4C       		.byte	0x4c
 476 0119 2C000000 		.4byte	0x2c
 477 011d 21000000 		.4byte	.LLST1
 478 0121 0B       		.uleb128 0xb
 479 0122 0A000000 		.4byte	.LVL2
 480 0126 CB020000 		.4byte	0x2cb
 481 012a 0C       		.uleb128 0xc
 482 012b 01       		.uleb128 0x1
 483 012c 50       		.byte	0x50
 484 012d 03       		.uleb128 0x3
 485 012e F3       		.byte	0xf3
 486 012f 01       		.uleb128 0x1
 487 0130 50       		.byte	0x50
 488 0131 0C       		.uleb128 0xc
 489 0132 01       		.uleb128 0x1
 490 0133 51       		.byte	0x51
 491 0134 01       		.uleb128 0x1
 492 0135 30       		.byte	0x30
 493 0136 0C       		.uleb128 0xc
 494 0137 01       		.uleb128 0x1
 495 0138 52       		.byte	0x52
 496 0139 03       		.uleb128 0x3
 497 013a F3       		.byte	0xf3
 498 013b 01       		.uleb128 0x1
 499 013c 51       		.byte	0x51
 500 013d 00       		.byte	0
 501 013e 00       		.byte	0
 502 013f 09       		.uleb128 0x9
 503 0140 4B000000 		.4byte	.LASF21
 504 0144 01       		.byte	0x1
ARM GAS  C:\Users\Trainer\AppData\Local\Temp\ccuTd03V.s 			page 16


 505 0145 AD       		.byte	0xad
 506 0146 00000000 		.4byte	.LFB5
 507 014a B4000000 		.4byte	.LFE5-.LFB5
 508 014e 01       		.uleb128 0x1
 509 014f 9C       		.byte	0x9c
 510 0150 E8010000 		.4byte	0x1e8
 511 0154 0D       		.uleb128 0xd
 512 0155 0C000000 		.4byte	.LVL3
 513 0159 D4020000 		.4byte	0x2d4
 514 015d 0E       		.uleb128 0xe
 515 015e 12000000 		.4byte	.LVL4
 516 0162 DF020000 		.4byte	0x2df
 517 0166 74010000 		.4byte	0x174
 518 016a 0C       		.uleb128 0xc
 519 016b 01       		.uleb128 0x1
 520 016c 50       		.byte	0x50
 521 016d 05       		.uleb128 0x5
 522 016e 0C       		.byte	0xc
 523 016f 001BB700 		.4byte	0xb71b00
 524 0173 00       		.byte	0
 525 0174 0E       		.uleb128 0xe
 526 0175 18000000 		.4byte	.LVL5
 527 0179 EA020000 		.4byte	0x2ea
 528 017d 87010000 		.4byte	0x187
 529 0181 0C       		.uleb128 0xc
 530 0182 01       		.uleb128 0x1
 531 0183 50       		.byte	0x50
 532 0184 01       		.uleb128 0x1
 533 0185 31       		.byte	0x31
 534 0186 00       		.byte	0
 535 0187 0E       		.uleb128 0xe
 536 0188 1E000000 		.4byte	.LVL6
 537 018c F5020000 		.4byte	0x2f5
 538 0190 9B010000 		.4byte	0x19b
 539 0194 0C       		.uleb128 0xc
 540 0195 01       		.uleb128 0x1
 541 0196 50       		.byte	0x50
 542 0197 02       		.uleb128 0x2
 543 0198 08       		.byte	0x8
 544 0199 30       		.byte	0x30
 545 019a 00       		.byte	0
 546 019b 0E       		.uleb128 0xe
 547 019c 54000000 		.4byte	.LVL7
 548 01a0 00030000 		.4byte	0x300
 549 01a4 B0010000 		.4byte	0x1b0
 550 01a8 0C       		.uleb128 0xc
 551 01a9 01       		.uleb128 0x1
 552 01aa 50       		.byte	0x50
 553 01ab 03       		.uleb128 0x3
 554 01ac 0A       		.byte	0xa
 555 01ad D007     		.2byte	0x7d0
 556 01af 00       		.byte	0
 557 01b0 0E       		.uleb128 0xe
 558 01b1 5A000000 		.4byte	.LVL8
 559 01b5 0B030000 		.4byte	0x30b
 560 01b9 C5010000 		.4byte	0x1c5
 561 01bd 0C       		.uleb128 0xc
ARM GAS  C:\Users\Trainer\AppData\Local\Temp\ccuTd03V.s 			page 17


 562 01be 01       		.uleb128 0x1
 563 01bf 50       		.byte	0x50
 564 01c0 03       		.uleb128 0x3
 565 01c1 0A       		.byte	0xa
 566 01c2 DC05     		.2byte	0x5dc
 567 01c4 00       		.byte	0
 568 01c5 0E       		.uleb128 0xe
 569 01c6 72000000 		.4byte	.LVL9
 570 01ca 16030000 		.4byte	0x316
 571 01ce D8010000 		.4byte	0x1d8
 572 01d2 0C       		.uleb128 0xc
 573 01d3 01       		.uleb128 0x1
 574 01d4 50       		.byte	0x50
 575 01d5 01       		.uleb128 0x1
 576 01d6 38       		.byte	0x38
 577 01d7 00       		.byte	0
 578 01d8 0B       		.uleb128 0xb
 579 01d9 78000000 		.4byte	.LVL10
 580 01dd 21030000 		.4byte	0x321
 581 01e1 0C       		.uleb128 0xc
 582 01e2 01       		.uleb128 0x1
 583 01e3 50       		.byte	0x50
 584 01e4 01       		.uleb128 0x1
 585 01e5 38       		.byte	0x38
 586 01e6 00       		.byte	0
 587 01e7 00       		.byte	0
 588 01e8 0F       		.uleb128 0xf
 589 01e9 46010000 		.4byte	.LASF38
 590 01ed 01       		.byte	0x1
 591 01ee 0801     		.2byte	0x108
 592 01f0 B4000000 		.4byte	.LFB7
 593 01f4 9C000000 		.4byte	.LFE7-.LFB7
 594 01f8 01       		.uleb128 0x1
 595 01f9 9C       		.byte	0x9c
 596 01fa CB020000 		.4byte	0x2cb
 597 01fe 10       		.uleb128 0x10
 598 01ff BE000000 		.4byte	.LBB2
 599 0203 4C000000 		.4byte	.LBE2-.LBB2
 600 0207 B8020000 		.4byte	0x2b8
 601 020b 11       		.uleb128 0x11
 602 020c 06       		.byte	0x6
 603 020d 01       		.byte	0x1
 604 020e 1101     		.2byte	0x111
 605 0210 2F020000 		.4byte	0x22f
 606 0214 12       		.uleb128 0x12
 607 0215 53010000 		.4byte	.LASF22
 608 0219 01       		.byte	0x1
 609 021a 1201     		.2byte	0x112
 610 021c 84000000 		.4byte	0x84
 611 0220 00       		.byte	0
 612 0221 12       		.uleb128 0x12
 613 0222 AE000000 		.4byte	.LASF23
 614 0226 01       		.byte	0x1
 615 0227 1301     		.2byte	0x113
 616 0229 99000000 		.4byte	0x99
 617 022d 04       		.byte	0x4
 618 022e 00       		.byte	0
ARM GAS  C:\Users\Trainer\AppData\Local\Temp\ccuTd03V.s 			page 18


 619 022f 06       		.uleb128 0x6
 620 0230 00020000 		.4byte	.LASF24
 621 0234 01       		.byte	0x1
 622 0235 1401     		.2byte	0x114
 623 0237 0B020000 		.4byte	0x20b
 624 023b 13       		.uleb128 0x13
 625 023c 4B020000 		.4byte	0x24b
 626 0240 4B020000 		.4byte	0x24b
 627 0244 14       		.uleb128 0x14
 628 0245 7D000000 		.4byte	0x7d
 629 0249 01       		.byte	0x1
 630 024a 00       		.byte	0
 631 024b 15       		.uleb128 0x15
 632 024c 2F020000 		.4byte	0x22f
 633 0250 16       		.uleb128 0x16
 634 0251 3B000000 		.4byte	.LASF25
 635 0255 01       		.byte	0x1
 636 0256 1601     		.2byte	0x116
 637 0258 62020000 		.4byte	0x262
 638 025c 05       		.uleb128 0x5
 639 025d 03       		.byte	0x3
 640 025e 00000000 		.4byte	cfg_memset_list.4884
 641 0262 15       		.uleb128 0x15
 642 0263 3B020000 		.4byte	0x23b
 643 0267 17       		.uleb128 0x17
 644 0268 6900     		.ascii	"i\000"
 645 026a 01       		.byte	0x1
 646 026b 1C01     		.2byte	0x11c
 647 026d 8D000000 		.4byte	0x8d
 648 0271 4D000000 		.4byte	.LLST2
 649 0275 18       		.uleb128 0x18
 650 0276 C2000000 		.4byte	.LBB3
 651 027a 1C000000 		.4byte	.LBE3-.LBB3
 652 027e 17       		.uleb128 0x17
 653 027f 6D7300   		.ascii	"ms\000"
 654 0282 01       		.byte	0x1
 655 0283 2101     		.2byte	0x121
 656 0285 8D020000 		.4byte	0x28d
 657 0289 77000000 		.4byte	.LLST3
 658 028d 19       		.uleb128 0x19
 659 028e 04       		.byte	0x4
 660 028f 4B020000 		.4byte	0x24b
 661 0293 0B       		.uleb128 0xb
 662 0294 DE000000 		.4byte	.LVL13
 663 0298 F2000000 		.4byte	0xf2
 664 029c 0C       		.uleb128 0xc
 665 029d 01       		.uleb128 0x1
 666 029e 51       		.byte	0x51
 667 029f 15       		.uleb128 0x15
 668 02a0 74       		.byte	0x74
 669 02a1 00       		.sleb128 0
 670 02a2 31       		.byte	0x31
 671 02a3 24       		.byte	0x24
 672 02a4 74       		.byte	0x74
 673 02a5 00       		.sleb128 0
 674 02a6 22       		.byte	0x22
 675 02a7 31       		.byte	0x31
ARM GAS  C:\Users\Trainer\AppData\Local\Temp\ccuTd03V.s 			page 19


 676 02a8 24       		.byte	0x24
 677 02a9 03       		.byte	0x3
 678 02aa 04000000 		.4byte	.LANCHOR0+4
 679 02ae 22       		.byte	0x22
 680 02af 94       		.byte	0x94
 681 02b0 02       		.byte	0x2
 682 02b1 0A       		.byte	0xa
 683 02b2 FFFF     		.2byte	0xffff
 684 02b4 1A       		.byte	0x1a
 685 02b5 00       		.byte	0
 686 02b6 00       		.byte	0
 687 02b7 00       		.byte	0
 688 02b8 0D       		.uleb128 0xd
 689 02b9 22010000 		.4byte	.LVL16
 690 02bd 3F010000 		.4byte	0x13f
 691 02c1 0D       		.uleb128 0xd
 692 02c2 26010000 		.4byte	.LVL17
 693 02c6 E1000000 		.4byte	0xe1
 694 02ca 00       		.byte	0
 695 02cb 1A       		.uleb128 0x1a
 696 02cc 11010000 		.4byte	.LASF39
 697 02d0 11010000 		.4byte	.LASF39
 698 02d4 1B       		.uleb128 0x1b
 699 02d5 E8000000 		.4byte	.LASF26
 700 02d9 E8000000 		.4byte	.LASF26
 701 02dd 04       		.byte	0x4
 702 02de 4E       		.byte	0x4e
 703 02df 1B       		.uleb128 0x1b
 704 02e0 00000000 		.4byte	.LASF27
 705 02e4 00000000 		.4byte	.LASF27
 706 02e8 05       		.byte	0x5
 707 02e9 DC       		.byte	0xdc
 708 02ea 1B       		.uleb128 0x1b
 709 02eb B3000000 		.4byte	.LASF28
 710 02ef B3000000 		.4byte	.LASF28
 711 02f3 04       		.byte	0x4
 712 02f4 50       		.byte	0x50
 713 02f5 1B       		.uleb128 0x1b
 714 02f6 4E020000 		.4byte	.LASF29
 715 02fa 4E020000 		.4byte	.LASF29
 716 02fe 05       		.byte	0x5
 717 02ff 6C       		.byte	0x6c
 718 0300 1B       		.uleb128 0x1b
 719 0301 33020000 		.4byte	.LASF30
 720 0305 33020000 		.4byte	.LASF30
 721 0309 05       		.byte	0x5
 722 030a 84       		.byte	0x84
 723 030b 1B       		.uleb128 0x1b
 724 030c 24020000 		.4byte	.LASF31
 725 0310 24020000 		.4byte	.LASF31
 726 0314 05       		.byte	0x5
 727 0315 DA       		.byte	0xda
 728 0316 1B       		.uleb128 0x1b
 729 0317 2C000000 		.4byte	.LASF32
 730 031b 2C000000 		.4byte	.LASF32
 731 031f 05       		.byte	0x5
 732 0320 BD       		.byte	0xbd
ARM GAS  C:\Users\Trainer\AppData\Local\Temp\ccuTd03V.s 			page 20


 733 0321 1B       		.uleb128 0x1b
 734 0322 1F010000 		.4byte	.LASF33
 735 0326 1F010000 		.4byte	.LASF33
 736 032a 05       		.byte	0x5
 737 032b C3       		.byte	0xc3
 738 032c 00       		.byte	0
 739              		.section	.debug_abbrev,"",%progbits
 740              	.Ldebug_abbrev0:
 741 0000 01       		.uleb128 0x1
 742 0001 11       		.uleb128 0x11
 743 0002 01       		.byte	0x1
 744 0003 25       		.uleb128 0x25
 745 0004 0E       		.uleb128 0xe
 746 0005 13       		.uleb128 0x13
 747 0006 0B       		.uleb128 0xb
 748 0007 03       		.uleb128 0x3
 749 0008 0E       		.uleb128 0xe
 750 0009 1B       		.uleb128 0x1b
 751 000a 0E       		.uleb128 0xe
 752 000b 55       		.uleb128 0x55
 753 000c 17       		.uleb128 0x17
 754 000d 11       		.uleb128 0x11
 755 000e 01       		.uleb128 0x1
 756 000f 10       		.uleb128 0x10
 757 0010 17       		.uleb128 0x17
 758 0011 00       		.byte	0
 759 0012 00       		.byte	0
 760 0013 02       		.uleb128 0x2
 761 0014 24       		.uleb128 0x24
 762 0015 00       		.byte	0
 763 0016 0B       		.uleb128 0xb
 764 0017 0B       		.uleb128 0xb
 765 0018 3E       		.uleb128 0x3e
 766 0019 0B       		.uleb128 0xb
 767 001a 03       		.uleb128 0x3
 768 001b 08       		.uleb128 0x8
 769 001c 00       		.byte	0
 770 001d 00       		.byte	0
 771 001e 03       		.uleb128 0x3
 772 001f 16       		.uleb128 0x16
 773 0020 00       		.byte	0
 774 0021 03       		.uleb128 0x3
 775 0022 0E       		.uleb128 0xe
 776 0023 3A       		.uleb128 0x3a
 777 0024 0B       		.uleb128 0xb
 778 0025 3B       		.uleb128 0x3b
 779 0026 0B       		.uleb128 0xb
 780 0027 49       		.uleb128 0x49
 781 0028 13       		.uleb128 0x13
 782 0029 00       		.byte	0
 783 002a 00       		.byte	0
 784 002b 04       		.uleb128 0x4
 785 002c 24       		.uleb128 0x24
 786 002d 00       		.byte	0
 787 002e 0B       		.uleb128 0xb
 788 002f 0B       		.uleb128 0xb
 789 0030 3E       		.uleb128 0x3e
ARM GAS  C:\Users\Trainer\AppData\Local\Temp\ccuTd03V.s 			page 21


 790 0031 0B       		.uleb128 0xb
 791 0032 03       		.uleb128 0x3
 792 0033 0E       		.uleb128 0xe
 793 0034 00       		.byte	0
 794 0035 00       		.byte	0
 795 0036 05       		.uleb128 0x5
 796 0037 0F       		.uleb128 0xf
 797 0038 00       		.byte	0
 798 0039 0B       		.uleb128 0xb
 799 003a 0B       		.uleb128 0xb
 800 003b 00       		.byte	0
 801 003c 00       		.byte	0
 802 003d 06       		.uleb128 0x6
 803 003e 16       		.uleb128 0x16
 804 003f 00       		.byte	0
 805 0040 03       		.uleb128 0x3
 806 0041 0E       		.uleb128 0xe
 807 0042 3A       		.uleb128 0x3a
 808 0043 0B       		.uleb128 0xb
 809 0044 3B       		.uleb128 0x3b
 810 0045 05       		.uleb128 0x5
 811 0046 49       		.uleb128 0x49
 812 0047 13       		.uleb128 0x13
 813 0048 00       		.byte	0
 814 0049 00       		.byte	0
 815 004a 07       		.uleb128 0x7
 816 004b 35       		.uleb128 0x35
 817 004c 00       		.byte	0
 818 004d 49       		.uleb128 0x49
 819 004e 13       		.uleb128 0x13
 820 004f 00       		.byte	0
 821 0050 00       		.byte	0
 822 0051 08       		.uleb128 0x8
 823 0052 2E       		.uleb128 0x2e
 824 0053 00       		.byte	0
 825 0054 03       		.uleb128 0x3
 826 0055 0E       		.uleb128 0xe
 827 0056 3A       		.uleb128 0x3a
 828 0057 0B       		.uleb128 0xb
 829 0058 3B       		.uleb128 0x3b
 830 0059 0B       		.uleb128 0xb
 831 005a 27       		.uleb128 0x27
 832 005b 19       		.uleb128 0x19
 833 005c 11       		.uleb128 0x11
 834 005d 01       		.uleb128 0x1
 835 005e 12       		.uleb128 0x12
 836 005f 06       		.uleb128 0x6
 837 0060 40       		.uleb128 0x40
 838 0061 18       		.uleb128 0x18
 839 0062 9742     		.uleb128 0x2117
 840 0064 19       		.uleb128 0x19
 841 0065 00       		.byte	0
 842 0066 00       		.byte	0
 843 0067 09       		.uleb128 0x9
 844 0068 2E       		.uleb128 0x2e
 845 0069 01       		.byte	0x1
 846 006a 03       		.uleb128 0x3
ARM GAS  C:\Users\Trainer\AppData\Local\Temp\ccuTd03V.s 			page 22


 847 006b 0E       		.uleb128 0xe
 848 006c 3A       		.uleb128 0x3a
 849 006d 0B       		.uleb128 0xb
 850 006e 3B       		.uleb128 0x3b
 851 006f 0B       		.uleb128 0xb
 852 0070 27       		.uleb128 0x27
 853 0071 19       		.uleb128 0x19
 854 0072 11       		.uleb128 0x11
 855 0073 01       		.uleb128 0x1
 856 0074 12       		.uleb128 0x12
 857 0075 06       		.uleb128 0x6
 858 0076 40       		.uleb128 0x40
 859 0077 18       		.uleb128 0x18
 860 0078 9742     		.uleb128 0x2117
 861 007a 19       		.uleb128 0x19
 862 007b 01       		.uleb128 0x1
 863 007c 13       		.uleb128 0x13
 864 007d 00       		.byte	0
 865 007e 00       		.byte	0
 866 007f 0A       		.uleb128 0xa
 867 0080 05       		.uleb128 0x5
 868 0081 00       		.byte	0
 869 0082 03       		.uleb128 0x3
 870 0083 08       		.uleb128 0x8
 871 0084 3A       		.uleb128 0x3a
 872 0085 0B       		.uleb128 0xb
 873 0086 3B       		.uleb128 0x3b
 874 0087 0B       		.uleb128 0xb
 875 0088 49       		.uleb128 0x49
 876 0089 13       		.uleb128 0x13
 877 008a 02       		.uleb128 0x2
 878 008b 17       		.uleb128 0x17
 879 008c 00       		.byte	0
 880 008d 00       		.byte	0
 881 008e 0B       		.uleb128 0xb
 882 008f 898201   		.uleb128 0x4109
 883 0092 01       		.byte	0x1
 884 0093 11       		.uleb128 0x11
 885 0094 01       		.uleb128 0x1
 886 0095 31       		.uleb128 0x31
 887 0096 13       		.uleb128 0x13
 888 0097 00       		.byte	0
 889 0098 00       		.byte	0
 890 0099 0C       		.uleb128 0xc
 891 009a 8A8201   		.uleb128 0x410a
 892 009d 00       		.byte	0
 893 009e 02       		.uleb128 0x2
 894 009f 18       		.uleb128 0x18
 895 00a0 9142     		.uleb128 0x2111
 896 00a2 18       		.uleb128 0x18
 897 00a3 00       		.byte	0
 898 00a4 00       		.byte	0
 899 00a5 0D       		.uleb128 0xd
 900 00a6 898201   		.uleb128 0x4109
 901 00a9 00       		.byte	0
 902 00aa 11       		.uleb128 0x11
 903 00ab 01       		.uleb128 0x1
ARM GAS  C:\Users\Trainer\AppData\Local\Temp\ccuTd03V.s 			page 23


 904 00ac 31       		.uleb128 0x31
 905 00ad 13       		.uleb128 0x13
 906 00ae 00       		.byte	0
 907 00af 00       		.byte	0
 908 00b0 0E       		.uleb128 0xe
 909 00b1 898201   		.uleb128 0x4109
 910 00b4 01       		.byte	0x1
 911 00b5 11       		.uleb128 0x11
 912 00b6 01       		.uleb128 0x1
 913 00b7 31       		.uleb128 0x31
 914 00b8 13       		.uleb128 0x13
 915 00b9 01       		.uleb128 0x1
 916 00ba 13       		.uleb128 0x13
 917 00bb 00       		.byte	0
 918 00bc 00       		.byte	0
 919 00bd 0F       		.uleb128 0xf
 920 00be 2E       		.uleb128 0x2e
 921 00bf 01       		.byte	0x1
 922 00c0 3F       		.uleb128 0x3f
 923 00c1 19       		.uleb128 0x19
 924 00c2 03       		.uleb128 0x3
 925 00c3 0E       		.uleb128 0xe
 926 00c4 3A       		.uleb128 0x3a
 927 00c5 0B       		.uleb128 0xb
 928 00c6 3B       		.uleb128 0x3b
 929 00c7 05       		.uleb128 0x5
 930 00c8 27       		.uleb128 0x27
 931 00c9 19       		.uleb128 0x19
 932 00ca 11       		.uleb128 0x11
 933 00cb 01       		.uleb128 0x1
 934 00cc 12       		.uleb128 0x12
 935 00cd 06       		.uleb128 0x6
 936 00ce 40       		.uleb128 0x40
 937 00cf 18       		.uleb128 0x18
 938 00d0 9742     		.uleb128 0x2117
 939 00d2 19       		.uleb128 0x19
 940 00d3 01       		.uleb128 0x1
 941 00d4 13       		.uleb128 0x13
 942 00d5 00       		.byte	0
 943 00d6 00       		.byte	0
 944 00d7 10       		.uleb128 0x10
 945 00d8 0B       		.uleb128 0xb
 946 00d9 01       		.byte	0x1
 947 00da 11       		.uleb128 0x11
 948 00db 01       		.uleb128 0x1
 949 00dc 12       		.uleb128 0x12
 950 00dd 06       		.uleb128 0x6
 951 00de 01       		.uleb128 0x1
 952 00df 13       		.uleb128 0x13
 953 00e0 00       		.byte	0
 954 00e1 00       		.byte	0
 955 00e2 11       		.uleb128 0x11
 956 00e3 13       		.uleb128 0x13
 957 00e4 01       		.byte	0x1
 958 00e5 0B       		.uleb128 0xb
 959 00e6 0B       		.uleb128 0xb
 960 00e7 3A       		.uleb128 0x3a
ARM GAS  C:\Users\Trainer\AppData\Local\Temp\ccuTd03V.s 			page 24


 961 00e8 0B       		.uleb128 0xb
 962 00e9 3B       		.uleb128 0x3b
 963 00ea 05       		.uleb128 0x5
 964 00eb 01       		.uleb128 0x1
 965 00ec 13       		.uleb128 0x13
 966 00ed 00       		.byte	0
 967 00ee 00       		.byte	0
 968 00ef 12       		.uleb128 0x12
 969 00f0 0D       		.uleb128 0xd
 970 00f1 00       		.byte	0
 971 00f2 03       		.uleb128 0x3
 972 00f3 0E       		.uleb128 0xe
 973 00f4 3A       		.uleb128 0x3a
 974 00f5 0B       		.uleb128 0xb
 975 00f6 3B       		.uleb128 0x3b
 976 00f7 05       		.uleb128 0x5
 977 00f8 49       		.uleb128 0x49
 978 00f9 13       		.uleb128 0x13
 979 00fa 38       		.uleb128 0x38
 980 00fb 0B       		.uleb128 0xb
 981 00fc 00       		.byte	0
 982 00fd 00       		.byte	0
 983 00fe 13       		.uleb128 0x13
 984 00ff 01       		.uleb128 0x1
 985 0100 01       		.byte	0x1
 986 0101 49       		.uleb128 0x49
 987 0102 13       		.uleb128 0x13
 988 0103 01       		.uleb128 0x1
 989 0104 13       		.uleb128 0x13
 990 0105 00       		.byte	0
 991 0106 00       		.byte	0
 992 0107 14       		.uleb128 0x14
 993 0108 21       		.uleb128 0x21
 994 0109 00       		.byte	0
 995 010a 49       		.uleb128 0x49
 996 010b 13       		.uleb128 0x13
 997 010c 2F       		.uleb128 0x2f
 998 010d 0B       		.uleb128 0xb
 999 010e 00       		.byte	0
 1000 010f 00       		.byte	0
 1001 0110 15       		.uleb128 0x15
 1002 0111 26       		.uleb128 0x26
 1003 0112 00       		.byte	0
 1004 0113 49       		.uleb128 0x49
 1005 0114 13       		.uleb128 0x13
 1006 0115 00       		.byte	0
 1007 0116 00       		.byte	0
 1008 0117 16       		.uleb128 0x16
 1009 0118 34       		.uleb128 0x34
 1010 0119 00       		.byte	0
 1011 011a 03       		.uleb128 0x3
 1012 011b 0E       		.uleb128 0xe
 1013 011c 3A       		.uleb128 0x3a
 1014 011d 0B       		.uleb128 0xb
 1015 011e 3B       		.uleb128 0x3b
 1016 011f 05       		.uleb128 0x5
 1017 0120 49       		.uleb128 0x49
ARM GAS  C:\Users\Trainer\AppData\Local\Temp\ccuTd03V.s 			page 25


 1018 0121 13       		.uleb128 0x13
 1019 0122 02       		.uleb128 0x2
 1020 0123 18       		.uleb128 0x18
 1021 0124 00       		.byte	0
 1022 0125 00       		.byte	0
 1023 0126 17       		.uleb128 0x17
 1024 0127 34       		.uleb128 0x34
 1025 0128 00       		.byte	0
 1026 0129 03       		.uleb128 0x3
 1027 012a 08       		.uleb128 0x8
 1028 012b 3A       		.uleb128 0x3a
 1029 012c 0B       		.uleb128 0xb
 1030 012d 3B       		.uleb128 0x3b
 1031 012e 05       		.uleb128 0x5
 1032 012f 49       		.uleb128 0x49
 1033 0130 13       		.uleb128 0x13
 1034 0131 02       		.uleb128 0x2
 1035 0132 17       		.uleb128 0x17
 1036 0133 00       		.byte	0
 1037 0134 00       		.byte	0
 1038 0135 18       		.uleb128 0x18
 1039 0136 0B       		.uleb128 0xb
 1040 0137 01       		.byte	0x1
 1041 0138 11       		.uleb128 0x11
 1042 0139 01       		.uleb128 0x1
 1043 013a 12       		.uleb128 0x12
 1044 013b 06       		.uleb128 0x6
 1045 013c 00       		.byte	0
 1046 013d 00       		.byte	0
 1047 013e 19       		.uleb128 0x19
 1048 013f 0F       		.uleb128 0xf
 1049 0140 00       		.byte	0
 1050 0141 0B       		.uleb128 0xb
 1051 0142 0B       		.uleb128 0xb
 1052 0143 49       		.uleb128 0x49
 1053 0144 13       		.uleb128 0x13
 1054 0145 00       		.byte	0
 1055 0146 00       		.byte	0
 1056 0147 1A       		.uleb128 0x1a
 1057 0148 2E       		.uleb128 0x2e
 1058 0149 00       		.byte	0
 1059 014a 3F       		.uleb128 0x3f
 1060 014b 19       		.uleb128 0x19
 1061 014c 3C       		.uleb128 0x3c
 1062 014d 19       		.uleb128 0x19
 1063 014e 6E       		.uleb128 0x6e
 1064 014f 0E       		.uleb128 0xe
 1065 0150 03       		.uleb128 0x3
 1066 0151 0E       		.uleb128 0xe
 1067 0152 00       		.byte	0
 1068 0153 00       		.byte	0
 1069 0154 1B       		.uleb128 0x1b
 1070 0155 2E       		.uleb128 0x2e
 1071 0156 00       		.byte	0
 1072 0157 3F       		.uleb128 0x3f
 1073 0158 19       		.uleb128 0x19
 1074 0159 3C       		.uleb128 0x3c
ARM GAS  C:\Users\Trainer\AppData\Local\Temp\ccuTd03V.s 			page 26


 1075 015a 19       		.uleb128 0x19
 1076 015b 6E       		.uleb128 0x6e
 1077 015c 0E       		.uleb128 0xe
 1078 015d 03       		.uleb128 0x3
 1079 015e 0E       		.uleb128 0xe
 1080 015f 3A       		.uleb128 0x3a
 1081 0160 0B       		.uleb128 0xb
 1082 0161 3B       		.uleb128 0x3b
 1083 0162 0B       		.uleb128 0xb
 1084 0163 00       		.byte	0
 1085 0164 00       		.byte	0
 1086 0165 00       		.byte	0
 1087              		.section	.debug_loc,"",%progbits
 1088              	.Ldebug_loc0:
 1089              	.LLST0:
 1090 0000 00000000 		.4byte	.LVL0
 1091 0004 09000000 		.4byte	.LVL2-1
 1092 0008 0100     		.2byte	0x1
 1093 000a 50       		.byte	0x50
 1094 000b 09000000 		.4byte	.LVL2-1
 1095 000f 0C000000 		.4byte	.LFE2
 1096 0013 0400     		.2byte	0x4
 1097 0015 F3       		.byte	0xf3
 1098 0016 01       		.uleb128 0x1
 1099 0017 50       		.byte	0x50
 1100 0018 9F       		.byte	0x9f
 1101 0019 00000000 		.4byte	0
 1102 001d 00000000 		.4byte	0
 1103              	.LLST1:
 1104 0021 00000000 		.4byte	.LVL0
 1105 0025 06000000 		.4byte	.LVL1
 1106 0029 0100     		.2byte	0x1
 1107 002b 51       		.byte	0x51
 1108 002c 06000000 		.4byte	.LVL1
 1109 0030 09000000 		.4byte	.LVL2-1
 1110 0034 0100     		.2byte	0x1
 1111 0036 52       		.byte	0x52
 1112 0037 09000000 		.4byte	.LVL2-1
 1113 003b 0C000000 		.4byte	.LFE2
 1114 003f 0400     		.2byte	0x4
 1115 0041 F3       		.byte	0xf3
 1116 0042 01       		.uleb128 0x1
 1117 0043 51       		.byte	0x51
 1118 0044 9F       		.byte	0x9f
 1119 0045 00000000 		.4byte	0
 1120 0049 00000000 		.4byte	0
 1121              	.LLST2:
 1122 004d BE000000 		.4byte	.LVL11
 1123 0051 C2000000 		.4byte	.LVL12
 1124 0055 0200     		.2byte	0x2
 1125 0057 30       		.byte	0x30
 1126 0058 9F       		.byte	0x9f
 1127 0059 C2000000 		.4byte	.LVL12
 1128 005d E0000000 		.4byte	.LVL14
 1129 0061 0100     		.2byte	0x1
 1130 0063 54       		.byte	0x54
 1131 0064 E2000000 		.4byte	.LVL15
ARM GAS  C:\Users\Trainer\AppData\Local\Temp\ccuTd03V.s 			page 27


 1132 0068 26010000 		.4byte	.LVL18
 1133 006c 0100     		.2byte	0x1
 1134 006e 54       		.byte	0x54
 1135 006f 00000000 		.4byte	0
 1136 0073 00000000 		.4byte	0
 1137              	.LLST3:
 1138 0077 C2000000 		.4byte	.LVL12
 1139 007b E0000000 		.4byte	.LVL14
 1140 007f 0B00     		.2byte	0xb
 1141 0081 74       		.byte	0x74
 1142 0082 00       		.sleb128 0
 1143 0083 36       		.byte	0x36
 1144 0084 1E       		.byte	0x1e
 1145 0085 03       		.byte	0x3
 1146 0086 00000000 		.4byte	cfg_memset_list.4884
 1147 008a 22       		.byte	0x22
 1148 008b 9F       		.byte	0x9f
 1149 008c E0000000 		.4byte	.LVL14
 1150 0090 E2000000 		.4byte	.LVL15
 1151 0094 0B00     		.2byte	0xb
 1152 0096 74       		.byte	0x74
 1153 0097 7F       		.sleb128 -1
 1154 0098 36       		.byte	0x36
 1155 0099 1E       		.byte	0x1e
 1156 009a 03       		.byte	0x3
 1157 009b 00000000 		.4byte	cfg_memset_list.4884
 1158 009f 22       		.byte	0x22
 1159 00a0 9F       		.byte	0x9f
 1160 00a1 00000000 		.4byte	0
 1161 00a5 00000000 		.4byte	0
 1162              		.section	.debug_aranges,"",%progbits
 1163 0000 34000000 		.4byte	0x34
 1164 0004 0200     		.2byte	0x2
 1165 0006 00000000 		.4byte	.Ldebug_info0
 1166 000a 04       		.byte	0x4
 1167 000b 00       		.byte	0
 1168 000c 0000     		.2byte	0
 1169 000e 0000     		.2byte	0
 1170 0010 00000000 		.4byte	.LFB6
 1171 0014 20000000 		.4byte	.LFE6-.LFB6
 1172 0018 00000000 		.4byte	.LFB2
 1173 001c 0C000000 		.4byte	.LFE2-.LFB2
 1174 0020 00000000 		.4byte	.LFB5
 1175 0024 B4000000 		.4byte	.LFE5-.LFB5
 1176 0028 B4000000 		.4byte	.LFB7
 1177 002c 9C000000 		.4byte	.LFE7-.LFB7
 1178 0030 00000000 		.4byte	0
 1179 0034 00000000 		.4byte	0
 1180              		.section	.debug_ranges,"",%progbits
 1181              	.Ldebug_ranges0:
 1182 0000 00000000 		.4byte	.LFB6
 1183 0004 20000000 		.4byte	.LFE6
 1184 0008 00000000 		.4byte	.LFB2
 1185 000c 0C000000 		.4byte	.LFE2
 1186 0010 00000000 		.4byte	.LFB5
 1187 0014 B4000000 		.4byte	.LFE5
 1188 0018 B4000000 		.4byte	.LFB7
ARM GAS  C:\Users\Trainer\AppData\Local\Temp\ccuTd03V.s 			page 28


 1189 001c 50010000 		.4byte	.LFE7
 1190 0020 00000000 		.4byte	0
 1191 0024 00000000 		.4byte	0
 1192              		.section	.debug_line,"",%progbits
 1193              	.Ldebug_line0:
 1194 0000 57010000 		.section	.debug_str,"MS",%progbits,1
 1194      0200E300 
 1194      00000201 
 1194      FB0E0D00 
 1194      01010101 
 1195              	.LASF27:
 1196 0000 43794465 		.ascii	"CyDelayCycles\000"
 1196      6C617943 
 1196      79636C65 
 1196      7300
 1197              	.LASF19:
 1198 000e 72656733 		.ascii	"reg32\000"
 1198      3200
 1199              	.LASF12:
 1200 0014 73697A65 		.ascii	"size_t\000"
 1200      5F7400
 1201              	.LASF37:
 1202 001b 416E616C 		.ascii	"AnalogSetDefault\000"
 1202      6F675365 
 1202      74446566 
 1202      61756C74 
 1202      00
 1203              	.LASF32:
 1204 002c 4379496E 		.ascii	"CyIntSetVector\000"
 1204      74536574 
 1204      56656374 
 1204      6F7200
 1205              	.LASF25:
 1206 003b 6366675F 		.ascii	"cfg_memset_list\000"
 1206      6D656D73 
 1206      65745F6C 
 1206      69737400 
 1207              	.LASF21:
 1208 004b 436C6F63 		.ascii	"ClockSetup\000"
 1208      6B536574 
 1208      757000
 1209              	.LASF6:
 1210 0056 73686F72 		.ascii	"short unsigned int\000"
 1210      7420756E 
 1210      7369676E 
 1210      65642069 
 1210      6E7400
 1211              	.LASF36:
 1212 0069 433A5C55 		.ascii	"C:\\Users\\Trainer\\Documents\\PSoC Creator\\Worksp"
 1212      73657273 
 1212      5C547261 
 1212      696E6572 
 1212      5C446F63 
 1213 0097 61636530 		.ascii	"ace01\\LAB1.cydsn\000"
 1213      315C4C41 
 1213      42312E63 
 1213      7964736E 
ARM GAS  C:\Users\Trainer\AppData\Local\Temp\ccuTd03V.s 			page 29


 1213      00
 1214              	.LASF16:
 1215 00a8 666C6F61 		.ascii	"float\000"
 1215      7400
 1216              	.LASF23:
 1217 00ae 73697A65 		.ascii	"size\000"
 1217      00
 1218              	.LASF28:
 1219 00b3 43795379 		.ascii	"CySysClkWcoSetPowerMode\000"
 1219      73436C6B 
 1219      57636F53 
 1219      6574506F 
 1219      7765724D 
 1220              	.LASF18:
 1221 00cb 72656738 		.ascii	"reg8\000"
 1221      00
 1222              	.LASF8:
 1223 00d0 6C6F6E67 		.ascii	"long unsigned int\000"
 1223      20756E73 
 1223      69676E65 
 1223      6420696E 
 1223      7400
 1224              	.LASF13:
 1225 00e2 75696E74 		.ascii	"uint8\000"
 1225      3800
 1226              	.LASF26:
 1227 00e8 43795379 		.ascii	"CySysClkWcoStart\000"
 1227      73436C6B 
 1227      57636F53 
 1227      74617274 
 1227      00
 1228              	.LASF20:
 1229 00f9 43594D45 		.ascii	"CYMEMZERO\000"
 1229      4D5A4552 
 1229      4F00
 1230              	.LASF4:
 1231 0103 756E7369 		.ascii	"unsigned char\000"
 1231      676E6564 
 1231      20636861 
 1231      7200
 1232              	.LASF39:
 1233 0111 6D656D73 		.ascii	"memset\000"
 1233      657400
 1234              	.LASF17:
 1235 0118 646F7562 		.ascii	"double\000"
 1235      6C6500
 1236              	.LASF33:
 1237 011f 4379496E 		.ascii	"CyIntEnable\000"
 1237      74456E61 
 1237      626C6500 
 1238              	.LASF14:
 1239 012b 75696E74 		.ascii	"uint16\000"
 1239      313600
 1240              	.LASF15:
 1241 0132 75696E74 		.ascii	"uint32\000"
 1241      333200
 1242              	.LASF0:
ARM GAS  C:\Users\Trainer\AppData\Local\Temp\ccuTd03V.s 			page 30


 1243 0139 756E7369 		.ascii	"unsigned int\000"
 1243      676E6564 
 1243      20696E74 
 1243      00
 1244              	.LASF38:
 1245 0146 63796669 		.ascii	"cyfitter_cfg\000"
 1245      74746572 
 1245      5F636667 
 1245      00
 1246              	.LASF22:
 1247 0153 61646472 		.ascii	"address\000"
 1247      65737300 
 1248              	.LASF9:
 1249 015b 6C6F6E67 		.ascii	"long long unsigned int\000"
 1249      206C6F6E 
 1249      6720756E 
 1249      7369676E 
 1249      65642069 
 1250              	.LASF34:
 1251 0172 474E5520 		.ascii	"GNU C11 5.4.1 20160609 (release) [ARM/embedded-5-br"
 1251      43313120 
 1251      352E342E 
 1251      31203230 
 1251      31363036 
 1252 01a5 616E6368 		.ascii	"anch revision 237715] -mcpu=cortex-m0 -mthumb -g -O"
 1252      20726576 
 1252      6973696F 
 1252      6E203233 
 1252      37373135 
 1253 01d8 67202D66 		.ascii	"g -ffunction-sections -ffat-lto-objects\000"
 1253      66756E63 
 1253      74696F6E 
 1253      2D736563 
 1253      74696F6E 
 1254              	.LASF24:
 1255 0200 6366675F 		.ascii	"cfg_memset_t\000"
 1255      6D656D73 
 1255      65745F74 
 1255      00
 1256              	.LASF10:
 1257 020d 73697A65 		.ascii	"sizetype\000"
 1257      74797065 
 1257      00
 1258              	.LASF1:
 1259 0216 6C6F6E67 		.ascii	"long long int\000"
 1259      206C6F6E 
 1259      6720696E 
 1259      7400
 1260              	.LASF31:
 1261 0224 43794465 		.ascii	"CyDelayUs\000"
 1261      6C617955 
 1261      7300
 1262              	.LASF11:
 1263 022e 63686172 		.ascii	"char\000"
 1263      00
 1264              	.LASF30:
 1265 0233 43795379 		.ascii	"CySysClkEcoStart\000"
ARM GAS  C:\Users\Trainer\AppData\Local\Temp\ccuTd03V.s 			page 31


 1265      73436C6B 
 1265      45636F53 
 1265      74617274 
 1265      00
 1266              	.LASF5:
 1267 0244 73686F72 		.ascii	"short int\000"
 1267      7420696E 
 1267      7400
 1268              	.LASF29:
 1269 024e 43795379 		.ascii	"CySysClkWriteImoFreq\000"
 1269      73436C6B 
 1269      57726974 
 1269      65496D6F 
 1269      46726571 
 1270              	.LASF7:
 1271 0263 6C6F6E67 		.ascii	"long int\000"
 1271      20696E74 
 1271      00
 1272              	.LASF2:
 1273 026c 6C6F6E67 		.ascii	"long double\000"
 1273      20646F75 
 1273      626C6500 
 1274              	.LASF3:
 1275 0278 7369676E 		.ascii	"signed char\000"
 1275      65642063 
 1275      68617200 
 1276              	.LASF35:
 1277 0284 47656E65 		.ascii	"Generated_Source\\PSoC4\\cyfitter_cfg.c\000"
 1277      72617465 
 1277      645F536F 
 1277      75726365 
 1277      5C50536F 
 1278              		.ident	"GCC: (GNU Tools for ARM Embedded Processors) 5.4.1 20160609 (release) [ARM/embedded-5-bran
